{"numFailedTestSuites":1,"numFailedTests":6,"numPassedTestSuites":2,"numPassedTests":57,"numPendingTestSuites":0,"numPendingTests":0,"numRuntimeErrorTestSuites":0,"numTodoTests":0,"numTotalTestSuites":3,"numTotalTests":63,"openHandles":[],"snapshot":{"added":0,"didUpdate":false,"failure":false,"filesAdded":0,"filesRemoved":0,"filesRemovedList":[],"filesUnmatched":0,"filesUpdated":0,"matched":0,"total":0,"unchecked":0,"uncheckedKeysByFile":[],"unmatched":0,"updated":0},"startTime":1763111234254,"success":false,"testResults":[{"assertionResults":[{"ancestorTitles":["Campaign API - Webhook Event Processing (CRITICAL)","Event Deduplication"],"duration":2,"failing":false,"failureDetails":[],"failureMessages":[],"fullName":"Campaign API - Webhook Event Processing (CRITICAL) Event Deduplication should deduplicate events with same provider_event_id","invocations":1,"location":null,"numPassingAsserts":0,"retryReasons":[],"startAt":1763111234734,"status":"passed","title":"should deduplicate events with same provider_event_id"},{"ancestorTitles":["Campaign API - Webhook Event Processing (CRITICAL)","Event Deduplication"],"duration":0,"failing":false,"failureDetails":[],"failureMessages":[],"fullName":"Campaign API - Webhook Event Processing (CRITICAL) Event Deduplication should handle concurrent duplicate webhooks","invocations":1,"location":null,"numPassingAsserts":0,"retryReasons":[],"startAt":1763111234736,"status":"passed","title":"should handle concurrent duplicate webhooks"},{"ancestorTitles":["Campaign API - Webhook Event Processing (CRITICAL)","Counter Updates"],"duration":1,"failing":false,"failureDetails":[],"failureMessages":[],"fullName":"Campaign API - Webhook Event Processing (CRITICAL) Counter Updates should atomically increment counters without race conditions","invocations":1,"location":null,"numPassingAsserts":0,"retryReasons":[],"startAt":1763111234736,"status":"passed","title":"should atomically increment counters without race conditions"},{"ancestorTitles":["Campaign API - Webhook Event Processing (CRITICAL)","Counter Updates"],"duration":0,"failing":false,"failureDetails":[],"failureMessages":[],"fullName":"Campaign API - Webhook Event Processing (CRITICAL) Counter Updates should increment total_delivered on delivered events","invocations":1,"location":null,"numPassingAsserts":0,"retryReasons":[],"startAt":1763111234737,"status":"passed","title":"should increment total_delivered on delivered events"},{"ancestorTitles":["Campaign API - Webhook Event Processing (CRITICAL)","Counter Updates"],"duration":0,"failing":false,"failureDetails":[],"failureMessages":[],"fullName":"Campaign API - Webhook Event Processing (CRITICAL) Counter Updates should increment total_sent on sent events","invocations":1,"location":null,"numPassingAsserts":0,"retryReasons":[],"startAt":1763111234737,"status":"passed","title":"should increment total_sent on sent events"},{"ancestorTitles":["Campaign API - Webhook Event Processing (CRITICAL)","Counter Updates"],"duration":1,"failing":false,"failureDetails":[],"failureMessages":[],"fullName":"Campaign API - Webhook Event Processing (CRITICAL) Counter Updates should increment total_opened on opened events","invocations":1,"location":null,"numPassingAsserts":0,"retryReasons":[],"startAt":1763111234737,"status":"passed","title":"should increment total_opened on opened events"},{"ancestorTitles":["Campaign API - Webhook Event Processing (CRITICAL)","Webhook Signature Verification"],"duration":1,"failing":false,"failureDetails":[],"failureMessages":[],"fullName":"Campaign API - Webhook Event Processing (CRITICAL) Webhook Signature Verification should reject webhooks with invalid Lemlist signatures","invocations":1,"location":null,"numPassingAsserts":0,"retryReasons":[],"startAt":1763111234738,"status":"passed","title":"should reject webhooks with invalid Lemlist signatures"},{"ancestorTitles":["Campaign API - Webhook Event Processing (CRITICAL)","Webhook Signature Verification"],"duration":0,"failing":false,"failureDetails":[],"failureMessages":[],"fullName":"Campaign API - Webhook Event Processing (CRITICAL) Webhook Signature Verification should reject webhooks with invalid Postmark signatures","invocations":1,"location":null,"numPassingAsserts":0,"retryReasons":[],"startAt":1763111234739,"status":"passed","title":"should reject webhooks with invalid Postmark signatures"},{"ancestorTitles":["Campaign API - Webhook Event Processing (CRITICAL)","Webhook Signature Verification"],"duration":1,"failing":false,"failureDetails":[],"failureMessages":[],"fullName":"Campaign API - Webhook Event Processing (CRITICAL) Webhook Signature Verification should accept webhooks with valid signatures","invocations":1,"location":null,"numPassingAsserts":0,"retryReasons":[],"startAt":1763111234739,"status":"passed","title":"should accept webhooks with valid signatures"},{"ancestorTitles":["Campaign API - Enrollment Race Conditions"],"duration":1,"failing":false,"failureDetails":[],"failureMessages":[],"fullName":"Campaign API - Enrollment Race Conditions should prevent duplicate enrollments in concurrent requests","invocations":1,"location":null,"numPassingAsserts":0,"retryReasons":[],"startAt":1763111234741,"status":"passed","title":"should prevent duplicate enrollments in concurrent requests"},{"ancestorTitles":["Campaign API - Enrollment Race Conditions"],"duration":0,"failing":false,"failureDetails":[],"failureMessages":[],"fullName":"Campaign API - Enrollment Race Conditions should accurately count enrolled contacts","invocations":1,"location":null,"numPassingAsserts":0,"retryReasons":[],"startAt":1763111234742,"status":"passed","title":"should accurately count enrolled contacts"},{"ancestorTitles":["Campaign API - Enrollment Race Conditions"],"duration":0,"failing":false,"failureDetails":[],"failureMessages":[],"fullName":"Campaign API - Enrollment Race Conditions should handle bulk enrollment atomically","invocations":1,"location":null,"numPassingAsserts":0,"retryReasons":[],"startAt":1763111234742,"status":"passed","title":"should handle bulk enrollment atomically"},{"ancestorTitles":["Campaign API - Security","Authentication"],"duration":0,"failing":false,"failureDetails":[],"failureMessages":[],"fullName":"Campaign API - Security Authentication should reject requests without API key","invocations":1,"location":null,"numPassingAsserts":0,"retryReasons":[],"startAt":1763111234742,"status":"passed","title":"should reject requests without API key"},{"ancestorTitles":["Campaign API - Security","Authentication"],"duration":1,"failing":false,"failureDetails":[],"failureMessages":[],"fullName":"Campaign API - Security Authentication should reject requests with invalid API key","invocations":1,"location":null,"numPassingAsserts":0,"retryReasons":[],"startAt":1763111234742,"status":"passed","title":"should reject requests with invalid API key"},{"ancestorTitles":["Campaign API - Security","Authentication"],"duration":0,"failing":false,"failureDetails":[],"failureMessages":[],"fullName":"Campaign API - Security Authentication should accept requests with valid API key","invocations":1,"location":null,"numPassingAsserts":0,"retryReasons":[],"startAt":1763111234743,"status":"passed","title":"should accept requests with valid API key"},{"ancestorTitles":["Campaign API - Security","Input Validation"],"duration":0,"failing":false,"failureDetails":[],"failureMessages":[],"fullName":"Campaign API - Security Input Validation should sanitize JSONB input for prototype pollution","invocations":1,"location":null,"numPassingAsserts":0,"retryReasons":[],"startAt":1763111234743,"status":"passed","title":"should sanitize JSONB input for prototype pollution"},{"ancestorTitles":["Campaign API - Security","Input Validation"],"duration":0,"failing":false,"failureDetails":[],"failureMessages":[],"fullName":"Campaign API - Security Input Validation should prevent SQL injection in analytics queries","invocations":1,"location":null,"numPassingAsserts":0,"retryReasons":[],"startAt":1763111234743,"status":"passed","title":"should prevent SQL injection in analytics queries"},{"ancestorTitles":["Campaign API - Security","Input Validation"],"duration":0,"failing":false,"failureDetails":[],"failureMessages":[],"fullName":"Campaign API - Security Input Validation should validate UUID format","invocations":1,"location":null,"numPassingAsserts":0,"retryReasons":[],"startAt":1763111234743,"status":"passed","title":"should validate UUID format"},{"ancestorTitles":["Campaign API - Security","Rate Limiting"],"duration":1,"failing":false,"failureDetails":[],"failureMessages":[],"fullName":"Campaign API - Security Rate Limiting should enforce webhook rate limits","invocations":1,"location":null,"numPassingAsserts":0,"retryReasons":[],"startAt":1763111234743,"status":"passed","title":"should enforce webhook rate limits"},{"ancestorTitles":["Campaign API - Security","Rate Limiting"],"duration":0,"failing":false,"failureDetails":[],"failureMessages":[],"fullName":"Campaign API - Security Rate Limiting should enforce general API rate limits","invocations":1,"location":null,"numPassingAsserts":0,"retryReasons":[],"startAt":1763111234744,"status":"passed","title":"should enforce general API rate limits"},{"ancestorTitles":["Campaign API - Performance"],"duration":0,"failing":false,"failureDetails":[],"failureMessages":[],"fullName":"Campaign API - Performance should handle 1000 enrollments without timeout","invocations":1,"location":null,"numPassingAsserts":0,"retryReasons":[],"startAt":1763111234744,"status":"passed","title":"should handle 1000 enrollments without timeout"},{"ancestorTitles":["Campaign API - Performance"],"duration":0,"failing":false,"failureDetails":[],"failureMessages":[],"fullName":"Campaign API - Performance should efficiently query performance analytics","invocations":1,"location":null,"numPassingAsserts":0,"retryReasons":[],"startAt":1763111234744,"status":"passed","title":"should efficiently query performance analytics"},{"ancestorTitles":["Campaign API - Performance"],"duration":0,"failing":false,"failureDetails":[],"failureMessages":[],"fullName":"Campaign API - Performance should use database indexes effectively","invocations":1,"location":null,"numPassingAsserts":0,"retryReasons":[],"startAt":1763111234744,"status":"passed","title":"should use database indexes effectively"},{"ancestorTitles":["Campaign API - Business Logic","Status Transitions"],"duration":0,"failing":false,"failureDetails":[],"failureMessages":[],"fullName":"Campaign API - Business Logic Status Transitions should reject invalid status transitions","invocations":1,"location":null,"numPassingAsserts":0,"retryReasons":[],"startAt":1763111234744,"status":"passed","title":"should reject invalid status transitions"},{"ancestorTitles":["Campaign API - Business Logic","Status Transitions"],"duration":1,"failing":false,"failureDetails":[],"failureMessages":[],"fullName":"Campaign API - Business Logic Status Transitions should allow valid transitions","invocations":1,"location":null,"numPassingAsserts":0,"retryReasons":[],"startAt":1763111234744,"status":"passed","title":"should allow valid transitions"},{"ancestorTitles":["Campaign API - Business Logic","Metrics Calculation"],"duration":0,"failing":false,"failureDetails":[],"failureMessages":[],"fullName":"Campaign API - Business Logic Metrics Calculation should calculate delivery rate correctly","invocations":1,"location":null,"numPassingAsserts":0,"retryReasons":[],"startAt":1763111234745,"status":"passed","title":"should calculate delivery rate correctly"},{"ancestorTitles":["Campaign API - Business Logic","Metrics Calculation"],"duration":0,"failing":false,"failureDetails":[],"failureMessages":[],"fullName":"Campaign API - Business Logic Metrics Calculation should calculate open rate based on delivered","invocations":1,"location":null,"numPassingAsserts":0,"retryReasons":[],"startAt":1763111234745,"status":"passed","title":"should calculate open rate based on delivered"},{"ancestorTitles":["Campaign API - Business Logic","Metrics Calculation"],"duration":0,"failing":false,"failureDetails":[],"failureMessages":[],"fullName":"Campaign API - Business Logic Metrics Calculation should calculate click-through rate","invocations":1,"location":null,"numPassingAsserts":0,"retryReasons":[],"startAt":1763111234745,"status":"passed","title":"should calculate click-through rate"}],"endTime":1763111234746,"message":"","name":"/home/omar/claude - sales_auto_skill/mcp-server/tests/campaigns.test.js","startTime":1763111234378,"status":"passed","summary":""},{"assertionResults":[{"ancestorTitles":["Middleware Order Validation","Layer 1: Raw Body Preservation"],"duration":36,"failing":false,"failureDetails":[],"failureMessages":[],"fullName":"Middleware Order Validation Layer 1: Raw Body Preservation should preserve raw body for webhook signature verification","invocations":1,"location":null,"numPassingAsserts":1,"retryReasons":[],"startAt":1763111235850,"status":"passed","title":"should preserve raw body for webhook signature verification"},{"ancestorTitles":["Middleware Order Validation","Layer 4: CORS"],"duration":34,"failing":false,"failureDetails":[],"failureMessages":[],"fullName":"Middleware Order Validation Layer 4: CORS should accept requests from allowed origins","invocations":1,"location":null,"numPassingAsserts":1,"retryReasons":[],"startAt":1763111235887,"status":"passed","title":"should accept requests from allowed origins"},{"ancestorTitles":["Middleware Order Validation","Layer 4: CORS"],"duration":10,"failing":false,"failureDetails":[{"matcherResult":{"message":"expect(received).toBeLessThan(expected)\n\nExpected: < 500\nReceived:   500","pass":false}}],"failureMessages":["Error: expect(received).toBeLessThan(expected)\n\nExpected: < 500\nReceived:   500\n    at Object.<anonymous> (/home/omar/claude - sales_auto_skill/mcp-server/test/integration/middleware-order.test.js:71:31)\n    at processTicksAndRejections (node:internal/process/task_queues:105:5)"],"fullName":"Middleware Order Validation Layer 4: CORS should reject requests from non-localhost origins in development","invocations":1,"location":null,"numPassingAsserts":0,"retryReasons":[],"startAt":1763111235921,"status":"failed","title":"should reject requests from non-localhost origins in development"},{"ancestorTitles":["Middleware Order Validation","Layer 5: Rate Limiting comes BEFORE Layer 7: Logging"],"duration":537,"failing":false,"failureDetails":[],"failureMessages":[],"fullName":"Middleware Order Validation Layer 5: Rate Limiting comes BEFORE Layer 7: Logging should rate limit before logging to prevent log flooding","invocations":1,"location":null,"numPassingAsserts":1,"retryReasons":[],"startAt":1763111235931,"status":"passed","title":"should rate limit before logging to prevent log flooding"},{"ancestorTitles":["Middleware Order Validation","Layer 8: Public Routes (No Auth Required)"],"duration":4,"failing":false,"failureDetails":[{"matcherResult":{"actual":"degraded","expected":"healthy","message":"expect(received).toBe(expected) // Object.is equality\n\nExpected: \"healthy\"\nReceived: \"degraded\"","name":"toBe","pass":false}}],"failureMessages":["Error: expect(received).toBe(expected) // Object.is equality\n\nExpected: \"healthy\"\nReceived: \"degraded\"\n    at Object.<anonymous> (/home/omar/claude - sales_auto_skill/mcp-server/test/integration/middleware-order.test.js:100:36)\n    at processTicksAndRejections (node:internal/process/task_queues:105:5)"],"fullName":"Middleware Order Validation Layer 8: Public Routes (No Auth Required) should serve /health without authentication","invocations":1,"location":null,"numPassingAsserts":1,"retryReasons":[],"startAt":1763111236468,"status":"failed","title":"should serve /health without authentication"},{"ancestorTitles":["Middleware Order Validation","Layer 8: Public Routes (No Auth Required)"],"duration":1,"failing":false,"failureDetails":[],"failureMessages":[],"fullName":"Middleware Order Validation Layer 8: Public Routes (No Auth Required) should serve /dashboard static files without authentication","invocations":1,"location":null,"numPassingAsserts":1,"retryReasons":[],"startAt":1763111236473,"status":"passed","title":"should serve /dashboard static files without authentication"},{"ancestorTitles":["Middleware Order Validation","Layer 8: Public Routes (No Auth Required)"],"duration":2,"failing":false,"failureDetails":[],"failureMessages":[],"fullName":"Middleware Order Validation Layer 8: Public Routes (No Auth Required) should allow webhook endpoint without API key","invocations":1,"location":null,"numPassingAsserts":1,"retryReasons":[],"startAt":1763111236474,"status":"passed","title":"should allow webhook endpoint without API key"},{"ancestorTitles":["Middleware Order Validation","Layer 9: API Authentication"],"duration":1,"failing":false,"failureDetails":[{"matcherResult":{"actual":429,"expected":401,"message":"expect(received).toBe(expected) // Object.is equality\n\nExpected: 401\nReceived: 429","name":"toBe","pass":false}}],"failureMessages":["Error: expect(received).toBe(expected) // Object.is equality\n\nExpected: 401\nReceived: 429\n    at Object.<anonymous> (/home/omar/claude - sales_auto_skill/mcp-server/test/integration/middleware-order.test.js:124:31)\n    at processTicksAndRejections (node:internal/process/task_queues:105:5)"],"fullName":"Middleware Order Validation Layer 9: API Authentication should require API key for /api routes","invocations":1,"location":null,"numPassingAsserts":0,"retryReasons":[],"startAt":1763111236476,"status":"failed","title":"should require API key for /api routes"},{"ancestorTitles":["Middleware Order Validation","Layer 9: API Authentication"],"duration":1,"failing":false,"failureDetails":[],"failureMessages":[],"fullName":"Middleware Order Validation Layer 9: API Authentication should accept valid API key","invocations":1,"location":null,"numPassingAsserts":1,"retryReasons":[],"startAt":1763111236478,"status":"passed","title":"should accept valid API key"},{"ancestorTitles":["Middleware Order Validation","Layer 9: API Authentication"],"duration":2,"failing":false,"failureDetails":[{"matcherResult":{"actual":429,"expected":401,"message":"expect(received).toBe(expected) // Object.is equality\n\nExpected: 401\nReceived: 429","name":"toBe","pass":false}}],"failureMessages":["Error: expect(received).toBe(expected) // Object.is equality\n\nExpected: 401\nReceived: 429\n    at Object.<anonymous> (/home/omar/claude - sales_auto_skill/mcp-server/test/integration/middleware-order.test.js:142:31)\n    at processTicksAndRejections (node:internal/process/task_queues:105:5)"],"fullName":"Middleware Order Validation Layer 9: API Authentication should reject invalid API key","invocations":1,"location":null,"numPassingAsserts":0,"retryReasons":[],"startAt":1763111236479,"status":"failed","title":"should reject invalid API key"},{"ancestorTitles":["Middleware Order Validation","Security Headers (Helmet) - Layer 3"],"duration":2,"failing":false,"failureDetails":[],"failureMessages":[],"fullName":"Middleware Order Validation Security Headers (Helmet) - Layer 3 should set security headers on all responses","invocations":1,"location":null,"numPassingAsserts":3,"retryReasons":[],"startAt":1763111236481,"status":"passed","title":"should set security headers on all responses"},{"ancestorTitles":["Middleware Order Validation","Prototype Pollution Protection - Layer 6"],"duration":2,"failing":false,"failureDetails":[{"matcherResult":{"actual":429,"expected":400,"message":"expect(received).toBe(expected) // Object.is equality\n\nExpected: 400\nReceived: 429","name":"toBe","pass":false}}],"failureMessages":["Error: expect(received).toBe(expected) // Object.is equality\n\nExpected: 400\nReceived: 429\n    at Object.<anonymous> (/home/omar/claude - sales_auto_skill/mcp-server/test/integration/middleware-order.test.js:169:31)\n    at processTicksAndRejections (node:internal/process/task_queues:105:5)"],"fullName":"Middleware Order Validation Prototype Pollution Protection - Layer 6 should block requests with __proto__ in body","invocations":1,"location":null,"numPassingAsserts":0,"retryReasons":[],"startAt":1763111236483,"status":"failed","title":"should block requests with __proto__ in body"},{"ancestorTitles":["Middleware Order Validation","Prototype Pollution Protection - Layer 6"],"duration":1,"failing":false,"failureDetails":[],"failureMessages":[],"fullName":"Middleware Order Validation Prototype Pollution Protection - Layer 6 should block requests with constructor in query","invocations":1,"location":null,"numPassingAsserts":1,"retryReasons":[],"startAt":1763111236485,"status":"passed","title":"should block requests with constructor in query"},{"ancestorTitles":["Middleware Order Validation","Middleware Order Sequence Validation"],"duration":119,"failing":false,"failureDetails":[{"matcherResult":{"message":"expect(received).toBeGreaterThanOrEqual(expected)\n\nExpected: >= 90\nReceived:    0","pass":false}}],"failureMessages":["Error: expect(received).toBeGreaterThanOrEqual(expected)\n\nExpected: >= 90\nReceived:    0\n    at Object.<anonymous> (/home/omar/claude - sales_auto_skill/mcp-server/test/integration/middleware-order.test.js:197:35)\n    at processTicksAndRejections (node:internal/process/task_queues:105:5)"],"fullName":"Middleware Order Validation Middleware Order Sequence Validation should process middleware in correct order: rate limit → logging → auth","invocations":1,"location":null,"numPassingAsserts":0,"retryReasons":[],"startAt":1763111236486,"status":"failed","title":"should process middleware in correct order: rate limit → logging → auth"},{"ancestorTitles":["Middleware Order Validation","HTTPS Redirect - Layer 2"],"duration":6,"failing":false,"failureDetails":[],"failureMessages":[],"fullName":"Middleware Order Validation HTTPS Redirect - Layer 2 should not redirect when HTTPS is disabled in test","invocations":1,"location":null,"numPassingAsserts":1,"retryReasons":[],"startAt":1763111236605,"status":"passed","title":"should not redirect when HTTPS is disabled in test"}],"endTime":1763111236619,"message":"  ● Middleware Order Validation › Layer 4: CORS › should reject requests from non-localhost origins in development\n\n    expect(received).toBeLessThan(expected)\n\n    Expected: < 500\n    Received:   500\n\n      69 |       // In test mode, CORS may not reject, but we verify the validation exists\n      70 |       // This is primarily tested by the CORS config in api-server.js\n    > 71 |       expect(response.status).toBeLessThan(500);\n         |                               ^\n      72 |     });\n      73 |   });\n      74 |\n\n      at Object.<anonymous> (test/integration/middleware-order.test.js:71:31)\n\n  ● Middleware Order Validation › Layer 8: Public Routes (No Auth Required) › should serve /health without authentication\n\n    expect(received).toBe(expected) // Object.is equality\n\n    Expected: \"healthy\"\n    Received: \"degraded\"\n\n       98 |\n       99 |       expect(response.status).toBe(200);\n    > 100 |       expect(response.body.status).toBe('healthy');\n          |                                    ^\n      101 |     });\n      102 |\n      103 |     it('should serve /dashboard static files without authentication', async () => {\n\n      at Object.<anonymous> (test/integration/middleware-order.test.js:100:36)\n\n  ● Middleware Order Validation › Layer 9: API Authentication › should require API key for /api routes\n\n    expect(received).toBe(expected) // Object.is equality\n\n    Expected: 401\n    Received: 429\n\n      122 |       const response = await request(app).get('/api/campaigns');\n      123 |\n    > 124 |       expect(response.status).toBe(401);\n          |                               ^\n      125 |       expect(response.body.error).toMatch(/authentication|api key/i);\n      126 |     });\n      127 |\n\n      at Object.<anonymous> (test/integration/middleware-order.test.js:124:31)\n\n  ● Middleware Order Validation › Layer 9: API Authentication › should reject invalid API key\n\n    expect(received).toBe(expected) // Object.is equality\n\n    Expected: 401\n    Received: 429\n\n      140 |         .set('X-API-Key', 'invalid_key');\n      141 |\n    > 142 |       expect(response.status).toBe(401);\n          |                               ^\n      143 |     });\n      144 |   });\n      145 |\n\n      at Object.<anonymous> (test/integration/middleware-order.test.js:142:31)\n\n  ● Middleware Order Validation › Prototype Pollution Protection - Layer 6 › should block requests with __proto__ in body\n\n    expect(received).toBe(expected) // Object.is equality\n\n    Expected: 400\n    Received: 429\n\n      167 |\n      168 |       // Should be blocked by prototype pollution middleware\n    > 169 |       expect(response.status).toBe(400);\n          |                               ^\n      170 |       expect(response.body.error).toMatch(/prototype pollution/i);\n      171 |     });\n      172 |\n\n      at Object.<anonymous> (test/integration/middleware-order.test.js:169:31)\n\n  ● Middleware Order Validation › Middleware Order Sequence Validation › should process middleware in correct order: rate limit → logging → auth\n\n    expect(received).toBeGreaterThanOrEqual(expected)\n\n    Expected: >= 90\n    Received:    0\n\n      195 |       // First 100 should be 401 (auth failure)\n      196 |       const authFailures = responses.filter(r => r.status === 401);\n    > 197 |       expect(authFailures.length).toBeGreaterThanOrEqual(90); // Allow some margin\n          |                                   ^\n      198 |\n      199 |       // 101st should be 429 (rate limited BEFORE auth check)\n      200 |       const rateLimited = responses.filter(r => r.status === 429);\n\n      at Object.<anonymous> (test/integration/middleware-order.test.js:197:35)\n","name":"/home/omar/claude - sales_auto_skill/mcp-server/test/integration/middleware-order.test.js","startTime":1763111234378,"status":"failed","summary":""},{"assertionResults":[{"ancestorTitles":["Campaign API - Webhook Event Processing (CRITICAL)","Event Deduplication (BLOCKER FIX VERIFICATION)"],"duration":283,"failing":false,"failureDetails":[],"failureMessages":[],"fullName":"Campaign API - Webhook Event Processing (CRITICAL) Event Deduplication (BLOCKER FIX VERIFICATION) should deduplicate events with same provider_event_id","invocations":1,"location":null,"numPassingAsserts":8,"retryReasons":[],"startAt":1763111235585,"status":"passed","title":"should deduplicate events with same provider_event_id"},{"ancestorTitles":["Campaign API - Webhook Event Processing (CRITICAL)","Event Deduplication (BLOCKER FIX VERIFICATION)"],"duration":298,"failing":false,"failureDetails":[],"failureMessages":[],"fullName":"Campaign API - Webhook Event Processing (CRITICAL) Event Deduplication (BLOCKER FIX VERIFICATION) should handle concurrent duplicate webhooks without race conditions","invocations":1,"location":null,"numPassingAsserts":12,"retryReasons":[],"startAt":1763111235868,"status":"passed","title":"should handle concurrent duplicate webhooks without race conditions"},{"ancestorTitles":["Campaign API - Webhook Event Processing (CRITICAL)","Event Deduplication (BLOCKER FIX VERIFICATION)"],"duration":252,"failing":false,"failureDetails":[],"failureMessages":[],"fullName":"Campaign API - Webhook Event Processing (CRITICAL) Event Deduplication (BLOCKER FIX VERIFICATION) should create separate events for different provider_event_ids","invocations":1,"location":null,"numPassingAsserts":1,"retryReasons":[],"startAt":1763111236166,"status":"passed","title":"should create separate events for different provider_event_ids"},{"ancestorTitles":["Campaign API - Webhook Event Processing (CRITICAL)","Atomic Counter Updates (RACE CONDITION FIX)"],"duration":921,"failing":false,"failureDetails":[],"failureMessages":[],"fullName":"Campaign API - Webhook Event Processing (CRITICAL) Atomic Counter Updates (RACE CONDITION FIX) should atomically increment total_sent without race conditions","invocations":1,"location":null,"numPassingAsserts":1,"retryReasons":[],"startAt":1763111236418,"status":"passed","title":"should atomically increment total_sent without race conditions"},{"ancestorTitles":["Campaign API - Webhook Event Processing (CRITICAL)","Atomic Counter Updates (RACE CONDITION FIX)"],"duration":474,"failing":false,"failureDetails":[],"failureMessages":[],"fullName":"Campaign API - Webhook Event Processing (CRITICAL) Atomic Counter Updates (RACE CONDITION FIX) should atomically increment total_delivered","invocations":1,"location":null,"numPassingAsserts":1,"retryReasons":[],"startAt":1763111237339,"status":"passed","title":"should atomically increment total_delivered"},{"ancestorTitles":["Campaign API - Webhook Event Processing (CRITICAL)","Atomic Counter Updates (RACE CONDITION FIX)"],"duration":330,"failing":false,"failureDetails":[],"failureMessages":[],"fullName":"Campaign API - Webhook Event Processing (CRITICAL) Atomic Counter Updates (RACE CONDITION FIX) should atomically increment total_opened","invocations":1,"location":null,"numPassingAsserts":1,"retryReasons":[],"startAt":1763111237813,"status":"passed","title":"should atomically increment total_opened"},{"ancestorTitles":["Campaign API - Webhook Event Processing (CRITICAL)","Atomic Counter Updates (RACE CONDITION FIX)"],"duration":242,"failing":false,"failureDetails":[],"failureMessages":[],"fullName":"Campaign API - Webhook Event Processing (CRITICAL) Atomic Counter Updates (RACE CONDITION FIX) should atomically increment total_clicked","invocations":1,"location":null,"numPassingAsserts":1,"retryReasons":[],"startAt":1763111238143,"status":"passed","title":"should atomically increment total_clicked"},{"ancestorTitles":["Campaign API - Webhook Event Processing (CRITICAL)","Atomic Counter Updates (RACE CONDITION FIX)"],"duration":425,"failing":false,"failureDetails":[],"failureMessages":[],"fullName":"Campaign API - Webhook Event Processing (CRITICAL) Atomic Counter Updates (RACE CONDITION FIX) should handle mixed event types concurrently","invocations":1,"location":null,"numPassingAsserts":3,"retryReasons":[],"startAt":1763111238385,"status":"passed","title":"should handle mixed event types concurrently"},{"ancestorTitles":["Campaign API - Webhook Event Processing (CRITICAL)","Webhook Signature Verification (SECURITY)"],"duration":158,"failing":false,"failureDetails":[],"failureMessages":[],"fullName":"Campaign API - Webhook Event Processing (CRITICAL) Webhook Signature Verification (SECURITY) should reject Lemlist webhooks with invalid signature","invocations":1,"location":null,"numPassingAsserts":3,"retryReasons":[],"startAt":1763111238811,"status":"passed","title":"should reject Lemlist webhooks with invalid signature"},{"ancestorTitles":["Campaign API - Webhook Event Processing (CRITICAL)","Webhook Signature Verification (SECURITY)"],"duration":162,"failing":false,"failureDetails":[],"failureMessages":[],"fullName":"Campaign API - Webhook Event Processing (CRITICAL) Webhook Signature Verification (SECURITY) should accept Lemlist webhooks with valid signature","invocations":1,"location":null,"numPassingAsserts":3,"retryReasons":[],"startAt":1763111238969,"status":"passed","title":"should accept Lemlist webhooks with valid signature"},{"ancestorTitles":["Campaign API - Webhook Event Processing (CRITICAL)","Webhook Signature Verification (SECURITY)"],"duration":166,"failing":false,"failureDetails":[],"failureMessages":[],"fullName":"Campaign API - Webhook Event Processing (CRITICAL) Webhook Signature Verification (SECURITY) should reject Postmark webhooks with invalid signature","invocations":1,"location":null,"numPassingAsserts":3,"retryReasons":[],"startAt":1763111239131,"status":"passed","title":"should reject Postmark webhooks with invalid signature"},{"ancestorTitles":["Campaign API - Webhook Event Processing (CRITICAL)","Webhook Signature Verification (SECURITY)"],"duration":162,"failing":false,"failureDetails":[],"failureMessages":[],"fullName":"Campaign API - Webhook Event Processing (CRITICAL) Webhook Signature Verification (SECURITY) should accept Postmark webhooks with valid signature","invocations":1,"location":null,"numPassingAsserts":3,"retryReasons":[],"startAt":1763111239297,"status":"passed","title":"should accept Postmark webhooks with valid signature"},{"ancestorTitles":["Campaign API - Webhook Event Processing (CRITICAL)","Webhook Signature Verification (SECURITY)"],"duration":161,"failing":false,"failureDetails":[],"failureMessages":[],"fullName":"Campaign API - Webhook Event Processing (CRITICAL) Webhook Signature Verification (SECURITY) should verify signatures using raw body bytes, not re-stringified JSON","invocations":1,"location":null,"numPassingAsserts":3,"retryReasons":[],"startAt":1763111239459,"status":"passed","title":"should verify signatures using raw body bytes, not re-stringified JSON"},{"ancestorTitles":["Campaign API - Webhook Event Processing (CRITICAL)","Webhook Signature Verification (SECURITY)"],"duration":152,"failing":false,"failureDetails":[],"failureMessages":[],"fullName":"Campaign API - Webhook Event Processing (CRITICAL) Webhook Signature Verification (SECURITY) should use timing-safe comparison for Phantombuster tokens","invocations":1,"location":null,"numPassingAsserts":3,"retryReasons":[],"startAt":1763111239620,"status":"passed","title":"should use timing-safe comparison for Phantombuster tokens"},{"ancestorTitles":["Campaign API - Webhook Event Processing (CRITICAL)","Event Creation and Validation"],"duration":161,"failing":false,"failureDetails":[],"failureMessages":[],"fullName":"Campaign API - Webhook Event Processing (CRITICAL) Event Creation and Validation should create event with all required fields","invocations":1,"location":null,"numPassingAsserts":13,"retryReasons":[],"startAt":1763111239772,"status":"passed","title":"should create event with all required fields"},{"ancestorTitles":["Campaign API - Webhook Event Processing (CRITICAL)","Event Creation and Validation"],"duration":153,"failing":false,"failureDetails":[],"failureMessages":[],"fullName":"Campaign API - Webhook Event Processing (CRITICAL) Event Creation and Validation should reject events with invalid event_type","invocations":1,"location":null,"numPassingAsserts":2,"retryReasons":[],"startAt":1763111239933,"status":"passed","title":"should reject events with invalid event_type"},{"ancestorTitles":["Campaign API - Webhook Event Processing (CRITICAL)","Event Creation and Validation"],"duration":172,"failing":false,"failureDetails":[],"failureMessages":[],"fullName":"Campaign API - Webhook Event Processing (CRITICAL) Event Creation and Validation should reject events with invalid channel","invocations":1,"location":null,"numPassingAsserts":2,"retryReasons":[],"startAt":1763111240086,"status":"passed","title":"should reject events with invalid channel"},{"ancestorTitles":["Campaign API - Webhook Event Processing (CRITICAL)","Event Creation and Validation"],"duration":159,"failing":false,"failureDetails":[],"failureMessages":[],"fullName":"Campaign API - Webhook Event Processing (CRITICAL) Event Creation and Validation should reject events with missing enrollment_id","invocations":1,"location":null,"numPassingAsserts":2,"retryReasons":[],"startAt":1763111240258,"status":"passed","title":"should reject events with missing enrollment_id"},{"ancestorTitles":["Campaign API - Webhook Event Processing (CRITICAL)","Event Creation and Validation"],"duration":156,"failing":false,"failureDetails":[],"failureMessages":[],"fullName":"Campaign API - Webhook Event Processing (CRITICAL) Event Creation and Validation should queue events for non-existent enrollment (orphaned event)","invocations":1,"location":null,"numPassingAsserts":4,"retryReasons":[],"startAt":1763111240417,"status":"passed","title":"should queue events for non-existent enrollment (orphaned event)"},{"ancestorTitles":["Campaign API - Webhook Event Processing (CRITICAL)","Transaction Isolation (READ_COMMITTED)"],"duration":303,"failing":false,"failureDetails":[],"failureMessages":[],"fullName":"Campaign API - Webhook Event Processing (CRITICAL) Transaction Isolation (READ_COMMITTED) should use READ_COMMITTED isolation for event transactions","invocations":1,"location":null,"numPassingAsserts":1,"retryReasons":[],"startAt":1763111240573,"status":"passed","title":"should use READ_COMMITTED isolation for event transactions"}],"endTime":1763111240882,"message":"","name":"/home/omar/claude - sales_auto_skill/mcp-server/tests/campaigns-webhooks.test.js","startTime":1763111234378,"status":"passed","summary":""}],"wasInterrupted":false,"coverageMap":{"/home/omar/claude - sales_auto_skill/mcp-server/src/utils/logger.js":{"path":"/home/omar/claude - sales_auto_skill/mcp-server/src/utils/logger.js","statementMap":{"0":{"start":{"line":12,"column":27},"end":{"line":57,"column":1}},"1":{"start":{"line":63,"column":33},"end":{"line":88,"column":1}},"2":{"start":{"line":97,"column":2},"end":{"line":97,"column":44}},"3":{"start":{"line":97,"column":31},"end":{"line":97,"column":44}},"4":{"start":{"line":98,"column":2},"end":{"line":98,"column":63}},"5":{"start":{"line":98,"column":44},"end":{"line":98,"column":61}},"6":{"start":{"line":108,"column":2},"end":{"line":108,"column":46}},"7":{"start":{"line":108,"column":33},"end":{"line":108,"column":46}},"8":{"start":{"line":110,"column":18},"end":{"line":110,"column":23}},"9":{"start":{"line":113,"column":2},"end":{"line":115,"column":5}},"10":{"start":{"line":114,"column":4},"end":{"line":114,"column":57}},"11":{"start":{"line":117,"column":2},"end":{"line":117,"column":19}},"12":{"start":{"line":128,"column":2},"end":{"line":130,"column":3}},"13":{"start":{"line":129,"column":4},"end":{"line":129,"column":16}},"14":{"start":{"line":133,"column":2},"end":{"line":135,"column":3}},"15":{"start":{"line":134,"column":4},"end":{"line":134,"column":71}},"16":{"start":{"line":138,"column":2},"end":{"line":140,"column":3}},"17":{"start":{"line":139,"column":4},"end":{"line":139,"column":44}},"18":{"start":{"line":139,"column":28},"end":{"line":139,"column":42}},"19":{"start":{"line":143,"column":20},"end":{"line":143,"column":22}},"20":{"start":{"line":145,"column":2},"end":{"line":159,"column":3}},"21":{"start":{"line":147,"column":4},"end":{"line":158,"column":5}},"22":{"start":{"line":148,"column":6},"end":{"line":148,"column":36}},"23":{"start":{"line":149,"column":11},"end":{"line":158,"column":5}},"24":{"start":{"line":151,"column":6},"end":{"line":151,"column":39}},"25":{"start":{"line":152,"column":11},"end":{"line":158,"column":5}},"26":{"start":{"line":154,"column":6},"end":{"line":154,"column":50}},"27":{"start":{"line":157,"column":6},"end":{"line":157,"column":29}},"28":{"start":{"line":161,"column":2},"end":{"line":161,"column":19}},"29":{"start":{"line":172,"column":20},"end":{"line":172,"column":44}},"30":{"start":{"line":173,"column":2},"end":{"line":173,"column":52}},"31":{"start":{"line":181,"column":4},"end":{"line":181,"column":31}},"32":{"start":{"line":191,"column":29},"end":{"line":191,"column":67}},"33":{"start":{"line":193,"column":4},"end":{"line":198,"column":5}},"34":{"start":{"line":194,"column":28},"end":{"line":194,"column":42}},"35":{"start":{"line":195,"column":6},"end":{"line":195,"column":51}},"36":{"start":{"line":197,"column":6},"end":{"line":197,"column":36}},"37":{"start":{"line":208,"column":29},"end":{"line":208,"column":67}},"38":{"start":{"line":210,"column":4},"end":{"line":215,"column":5}},"39":{"start":{"line":211,"column":28},"end":{"line":211,"column":42}},"40":{"start":{"line":212,"column":6},"end":{"line":212,"column":52}},"41":{"start":{"line":214,"column":6},"end":{"line":214,"column":37}},"42":{"start":{"line":225,"column":29},"end":{"line":225,"column":67}},"43":{"start":{"line":227,"column":4},"end":{"line":243,"column":5}},"44":{"start":{"line":229,"column":6},"end":{"line":240,"column":7}},"45":{"start":{"line":230,"column":26},"end":{"line":234,"column":9}},"46":{"start":{"line":235,"column":31},"end":{"line":235,"column":50}},"47":{"start":{"line":236,"column":8},"end":{"line":236,"column":56}},"48":{"start":{"line":238,"column":30},"end":{"line":238,"column":45}},"49":{"start":{"line":239,"column":8},"end":{"line":239,"column":55}},"50":{"start":{"line":242,"column":6},"end":{"line":242,"column":38}},"51":{"start":{"line":253,"column":4},"end":{"line":262,"column":5}},"52":{"start":{"line":254,"column":31},"end":{"line":254,"column":82}},"53":{"start":{"line":256,"column":6},"end":{"line":261,"column":7}},"54":{"start":{"line":257,"column":30},"end":{"line":257,"column":44}},"55":{"start":{"line":258,"column":8},"end":{"line":258,"column":53}},"56":{"start":{"line":260,"column":8},"end":{"line":260,"column":38}},"57":{"start":{"line":273,"column":2},"end":{"line":273,"column":31}},"58":{"start":{"line":287,"column":22},"end":{"line":287,"column":39}}},"fnMap":{"0":{"name":"isSensitiveField","decl":{"start":{"line":96,"column":9},"end":{"line":96,"column":25}},"loc":{"start":{"line":96,"column":31},"end":{"line":99,"column":1}},"line":96},"1":{"name":"(anonymous_1)","decl":{"start":{"line":98,"column":33},"end":{"line":98,"column":34}},"loc":{"start":{"line":98,"column":44},"end":{"line":98,"column":61}},"line":98},"2":{"name":"sanitizeStringValue","decl":{"start":{"line":107,"column":9},"end":{"line":107,"column":28}},"loc":{"start":{"line":107,"column":36},"end":{"line":118,"column":1}},"line":107},"3":{"name":"(anonymous_3)","decl":{"start":{"line":113,"column":35},"end":{"line":113,"column":36}},"loc":{"start":{"line":113,"column":46},"end":{"line":115,"column":3}},"line":113},"4":{"name":"sanitize","decl":{"start":{"line":126,"column":9},"end":{"line":126,"column":17}},"loc":{"start":{"line":126,"column":24},"end":{"line":162,"column":1}},"line":126},"5":{"name":"(anonymous_5)","decl":{"start":{"line":139,"column":20},"end":{"line":139,"column":21}},"loc":{"start":{"line":139,"column":28},"end":{"line":139,"column":42}},"line":139},"6":{"name":"formatMessage","decl":{"start":{"line":171,"column":9},"end":{"line":171,"column":22}},"loc":{"start":{"line":171,"column":43},"end":{"line":174,"column":1}},"line":171},"7":{"name":"(anonymous_7)","decl":{"start":{"line":180,"column":2},"end":{"line":180,"column":3}},"loc":{"start":{"line":180,"column":33},"end":{"line":182,"column":3}},"line":180},"8":{"name":"(anonymous_8)","decl":{"start":{"line":190,"column":2},"end":{"line":190,"column":3}},"loc":{"start":{"line":190,"column":29},"end":{"line":199,"column":3}},"line":190},"9":{"name":"(anonymous_9)","decl":{"start":{"line":207,"column":2},"end":{"line":207,"column":3}},"loc":{"start":{"line":207,"column":29},"end":{"line":216,"column":3}},"line":207},"10":{"name":"(anonymous_10)","decl":{"start":{"line":224,"column":2},"end":{"line":224,"column":3}},"loc":{"start":{"line":224,"column":31},"end":{"line":244,"column":3}},"line":224},"11":{"name":"(anonymous_11)","decl":{"start":{"line":252,"column":2},"end":{"line":252,"column":3}},"loc":{"start":{"line":252,"column":30},"end":{"line":263,"column":3}},"line":252},"12":{"name":"createLogger","decl":{"start":{"line":272,"column":16},"end":{"line":272,"column":28}},"loc":{"start":{"line":272,"column":40},"end":{"line":274,"column":1}},"line":272}},"branchMap":{"0":{"loc":{"start":{"line":97,"column":2},"end":{"line":97,"column":44}},"type":"if","locations":[{"start":{"line":97,"column":2},"end":{"line":97,"column":44}},{"start":{},"end":{}}],"line":97},"1":{"loc":{"start":{"line":108,"column":2},"end":{"line":108,"column":46}},"type":"if","locations":[{"start":{"line":108,"column":2},"end":{"line":108,"column":46}},{"start":{},"end":{}}],"line":108},"2":{"loc":{"start":{"line":128,"column":2},"end":{"line":130,"column":3}},"type":"if","locations":[{"start":{"line":128,"column":2},"end":{"line":130,"column":3}},{"start":{},"end":{}}],"line":128},"3":{"loc":{"start":{"line":128,"column":6},"end":{"line":128,"column":41}},"type":"binary-expr","locations":[{"start":{"line":128,"column":6},"end":{"line":128,"column":19}},{"start":{"line":128,"column":23},"end":{"line":128,"column":41}}],"line":128},"4":{"loc":{"start":{"line":133,"column":2},"end":{"line":135,"column":3}},"type":"if","locations":[{"start":{"line":133,"column":2},"end":{"line":135,"column":3}},{"start":{},"end":{}}],"line":133},"5":{"loc":{"start":{"line":134,"column":11},"end":{"line":134,"column":70}},"type":"cond-expr","locations":[{"start":{"line":134,"column":38},"end":{"line":134,"column":63}},{"start":{"line":134,"column":66},"end":{"line":134,"column":70}}],"line":134},"6":{"loc":{"start":{"line":138,"column":2},"end":{"line":140,"column":3}},"type":"if","locations":[{"start":{"line":138,"column":2},"end":{"line":140,"column":3}},{"start":{},"end":{}}],"line":138},"7":{"loc":{"start":{"line":147,"column":4},"end":{"line":158,"column":5}},"type":"if","locations":[{"start":{"line":147,"column":4},"end":{"line":158,"column":5}},{"start":{"line":149,"column":11},"end":{"line":158,"column":5}}],"line":147},"8":{"loc":{"start":{"line":149,"column":11},"end":{"line":158,"column":5}},"type":"if","locations":[{"start":{"line":149,"column":11},"end":{"line":158,"column":5}},{"start":{"line":152,"column":11},"end":{"line":158,"column":5}}],"line":149},"9":{"loc":{"start":{"line":149,"column":15},"end":{"line":149,"column":58}},"type":"binary-expr","locations":[{"start":{"line":149,"column":15},"end":{"line":149,"column":40}},{"start":{"line":149,"column":44},"end":{"line":149,"column":58}}],"line":149},"10":{"loc":{"start":{"line":152,"column":11},"end":{"line":158,"column":5}},"type":"if","locations":[{"start":{"line":152,"column":11},"end":{"line":158,"column":5}},{"start":{"line":155,"column":11},"end":{"line":158,"column":5}}],"line":152},"11":{"loc":{"start":{"line":180,"column":14},"end":{"line":180,"column":31}},"type":"default-arg","locations":[{"start":{"line":180,"column":26},"end":{"line":180,"column":31}}],"line":180},"12":{"loc":{"start":{"line":190,"column":16},"end":{"line":190,"column":27}},"type":"default-arg","locations":[{"start":{"line":190,"column":23},"end":{"line":190,"column":27}}],"line":190},"13":{"loc":{"start":{"line":193,"column":4},"end":{"line":198,"column":5}},"type":"if","locations":[{"start":{"line":193,"column":4},"end":{"line":198,"column":5}},{"start":{"line":196,"column":11},"end":{"line":198,"column":5}}],"line":193},"14":{"loc":{"start":{"line":207,"column":16},"end":{"line":207,"column":27}},"type":"default-arg","locations":[{"start":{"line":207,"column":23},"end":{"line":207,"column":27}}],"line":207},"15":{"loc":{"start":{"line":210,"column":4},"end":{"line":215,"column":5}},"type":"if","locations":[{"start":{"line":210,"column":4},"end":{"line":215,"column":5}},{"start":{"line":213,"column":11},"end":{"line":215,"column":5}}],"line":210},"16":{"loc":{"start":{"line":224,"column":17},"end":{"line":224,"column":29}},"type":"default-arg","locations":[{"start":{"line":224,"column":25},"end":{"line":224,"column":29}}],"line":224},"17":{"loc":{"start":{"line":227,"column":4},"end":{"line":243,"column":5}},"type":"if","locations":[{"start":{"line":227,"column":4},"end":{"line":243,"column":5}},{"start":{"line":241,"column":11},"end":{"line":243,"column":5}}],"line":227},"18":{"loc":{"start":{"line":229,"column":6},"end":{"line":240,"column":7}},"type":"if","locations":[{"start":{"line":229,"column":6},"end":{"line":240,"column":7}},{"start":{"line":237,"column":13},"end":{"line":240,"column":7}}],"line":229},"19":{"loc":{"start":{"line":252,"column":17},"end":{"line":252,"column":28}},"type":"default-arg","locations":[{"start":{"line":252,"column":24},"end":{"line":252,"column":28}}],"line":252},"20":{"loc":{"start":{"line":253,"column":4},"end":{"line":262,"column":5}},"type":"if","locations":[{"start":{"line":253,"column":4},"end":{"line":262,"column":5}},{"start":{},"end":{}}],"line":253},"21":{"loc":{"start":{"line":256,"column":6},"end":{"line":261,"column":7}},"type":"if","locations":[{"start":{"line":256,"column":6},"end":{"line":261,"column":7}},{"start":{"line":259,"column":13},"end":{"line":261,"column":7}}],"line":256}},"s":{"0":2,"1":2,"2":3252,"3":0,"4":3252,"5":113796,"6":3103,"7":0,"8":3103,"9":3103,"10":27927,"11":3103,"12":875,"13":0,"14":875,"15":18,"16":857,"17":4,"18":18,"19":853,"20":853,"21":3252,"22":2,"23":3250,"24":4,"25":3246,"26":3085,"27":161,"28":853,"29":1278,"30":1278,"31":179,"32":681,"33":681,"34":651,"35":651,"36":30,"37":304,"38":304,"39":184,"40":184,"41":120,"42":18,"43":18,"44":18,"45":0,"46":0,"47":0,"48":18,"49":18,"50":0,"51":275,"52":275,"53":275,"54":0,"55":0,"56":275,"57":177,"58":2},"f":{"0":3252,"1":113796,"2":3103,"3":27927,"4":875,"5":18,"6":1278,"7":179,"8":681,"9":304,"10":18,"11":275,"12":177},"b":{"0":[0,3252],"1":[0,3103],"2":[0,875],"3":[875,875],"4":[18,857],"5":[18,0],"6":[4,853],"7":[2,3250],"8":[4,3246],"9":[3250,4],"10":[3085,161],"11":[0],"12":[30],"13":[651,30],"14":[120],"15":[184,120],"16":[0],"17":[18,0],"18":[0,18],"19":[275],"20":[275,0],"21":[0,275]},"inputSourceMap":null,"_coverageSchema":"1a1c01bbd47fc00a2c39e90264f33305004495a9","hash":"c24d05a7ad684b21db45030605e32824e0b57963"},"/home/omar/claude - sales_auto_skill/mcp-server/src/utils/prototype-protection.js":{"path":"/home/omar/claude - sales_auto_skill/mcp-server/src/utils/prototype-protection.js","statementMap":{"0":{"start":{"line":10,"column":23},"end":{"line":10,"column":64}},"1":{"start":{"line":19,"column":2},"end":{"line":19,"column":38}},"2":{"start":{"line":29,"column":2},"end":{"line":31,"column":3}},"3":{"start":{"line":30,"column":4},"end":{"line":30,"column":15}},"4":{"start":{"line":34,"column":2},"end":{"line":36,"column":3}},"5":{"start":{"line":35,"column":4},"end":{"line":35,"column":49}},"6":{"start":{"line":35,"column":27},"end":{"line":35,"column":47}},"7":{"start":{"line":39,"column":20},"end":{"line":39,"column":22}},"8":{"start":{"line":41,"column":2},"end":{"line":54,"column":3}},"9":{"start":{"line":43,"column":4},"end":{"line":46,"column":5}},"10":{"start":{"line":44,"column":6},"end":{"line":44,"column":73}},"11":{"start":{"line":45,"column":6},"end":{"line":45,"column":15}},"12":{"start":{"line":49,"column":4},"end":{"line":53,"column":5}},"13":{"start":{"line":50,"column":6},"end":{"line":50,"column":45}},"14":{"start":{"line":52,"column":6},"end":{"line":52,"column":29}},"15":{"start":{"line":56,"column":2},"end":{"line":56,"column":19}},"16":{"start":{"line":67,"column":2},"end":{"line":72,"column":3}},"17":{"start":{"line":68,"column":19},"end":{"line":68,"column":41}},"18":{"start":{"line":69,"column":4},"end":{"line":69,"column":34}},"19":{"start":{"line":71,"column":4},"end":{"line":71,"column":60}},"20":{"start":{"line":85,"column":2},"end":{"line":85,"column":116}},"21":{"start":{"line":95,"column":2},"end":{"line":97,"column":3}},"22":{"start":{"line":96,"column":4},"end":{"line":96,"column":11}},"23":{"start":{"line":100,"column":2},"end":{"line":109,"column":3}},"24":{"start":{"line":101,"column":4},"end":{"line":103,"column":5}},"25":{"start":{"line":102,"column":6},"end":{"line":102,"column":89}},"26":{"start":{"line":106,"column":4},"end":{"line":108,"column":5}},"27":{"start":{"line":107,"column":6},"end":{"line":107,"column":36}},"28":{"start":{"line":121,"column":2},"end":{"line":132,"column":3}},"29":{"start":{"line":122,"column":4},"end":{"line":131,"column":5}},"30":{"start":{"line":123,"column":6},"end":{"line":123,"column":36}},"31":{"start":{"line":125,"column":6},"end":{"line":130,"column":9}},"32":{"start":{"line":135,"column":2},"end":{"line":146,"column":3}},"33":{"start":{"line":136,"column":4},"end":{"line":145,"column":5}},"34":{"start":{"line":137,"column":6},"end":{"line":137,"column":37}},"35":{"start":{"line":139,"column":6},"end":{"line":144,"column":9}},"36":{"start":{"line":148,"column":2},"end":{"line":148,"column":9}}},"fnMap":{"0":{"name":"isDangerousKey","decl":{"start":{"line":18,"column":16},"end":{"line":18,"column":30}},"loc":{"start":{"line":18,"column":36},"end":{"line":20,"column":1}},"line":18},"1":{"name":"sanitizeObject","decl":{"start":{"line":28,"column":16},"end":{"line":28,"column":30}},"loc":{"start":{"line":28,"column":36},"end":{"line":57,"column":1}},"line":28},"2":{"name":"(anonymous_2)","decl":{"start":{"line":35,"column":19},"end":{"line":35,"column":20}},"loc":{"start":{"line":35,"column":27},"end":{"line":35,"column":47}},"line":35},"3":{"name":"safeJsonParse","decl":{"start":{"line":66,"column":16},"end":{"line":66,"column":29}},"loc":{"start":{"line":66,"column":42},"end":{"line":73,"column":1}},"line":66},"4":{"name":"freezeBuiltins","decl":{"start":{"line":82,"column":16},"end":{"line":82,"column":30}},"loc":{"start":{"line":82,"column":33},"end":{"line":86,"column":1}},"line":82},"5":{"name":"validateNoPollution","decl":{"start":{"line":94,"column":16},"end":{"line":94,"column":35}},"loc":{"start":{"line":94,"column":41},"end":{"line":110,"column":1}},"line":94},"6":{"name":"prototypePollutionMiddleware","decl":{"start":{"line":119,"column":16},"end":{"line":119,"column":44}},"loc":{"start":{"line":119,"column":61},"end":{"line":149,"column":1}},"line":119}},"branchMap":{"0":{"loc":{"start":{"line":29,"column":2},"end":{"line":31,"column":3}},"type":"if","locations":[{"start":{"line":29,"column":2},"end":{"line":31,"column":3}},{"start":{},"end":{}}],"line":29},"1":{"loc":{"start":{"line":29,"column":6},"end":{"line":29,"column":45}},"type":"binary-expr","locations":[{"start":{"line":29,"column":6},"end":{"line":29,"column":18}},{"start":{"line":29,"column":22},"end":{"line":29,"column":45}}],"line":29},"2":{"loc":{"start":{"line":34,"column":2},"end":{"line":36,"column":3}},"type":"if","locations":[{"start":{"line":34,"column":2},"end":{"line":36,"column":3}},{"start":{},"end":{}}],"line":34},"3":{"loc":{"start":{"line":43,"column":4},"end":{"line":46,"column":5}},"type":"if","locations":[{"start":{"line":43,"column":4},"end":{"line":46,"column":5}},{"start":{},"end":{}}],"line":43},"4":{"loc":{"start":{"line":49,"column":4},"end":{"line":53,"column":5}},"type":"if","locations":[{"start":{"line":49,"column":4},"end":{"line":53,"column":5}},{"start":{"line":51,"column":11},"end":{"line":53,"column":5}}],"line":49},"5":{"loc":{"start":{"line":49,"column":8},"end":{"line":49,"column":51}},"type":"binary-expr","locations":[{"start":{"line":49,"column":8},"end":{"line":49,"column":33}},{"start":{"line":49,"column":37},"end":{"line":49,"column":51}}],"line":49},"6":{"loc":{"start":{"line":95,"column":2},"end":{"line":97,"column":3}},"type":"if","locations":[{"start":{"line":95,"column":2},"end":{"line":97,"column":3}},{"start":{},"end":{}}],"line":95},"7":{"loc":{"start":{"line":95,"column":6},"end":{"line":95,"column":45}},"type":"binary-expr","locations":[{"start":{"line":95,"column":6},"end":{"line":95,"column":18}},{"start":{"line":95,"column":22},"end":{"line":95,"column":45}}],"line":95},"8":{"loc":{"start":{"line":101,"column":4},"end":{"line":103,"column":5}},"type":"if","locations":[{"start":{"line":101,"column":4},"end":{"line":103,"column":5}},{"start":{},"end":{}}],"line":101},"9":{"loc":{"start":{"line":106,"column":4},"end":{"line":108,"column":5}},"type":"if","locations":[{"start":{"line":106,"column":4},"end":{"line":108,"column":5}},{"start":{},"end":{}}],"line":106},"10":{"loc":{"start":{"line":106,"column":8},"end":{"line":106,"column":57}},"type":"binary-expr","locations":[{"start":{"line":106,"column":8},"end":{"line":106,"column":36}},{"start":{"line":106,"column":40},"end":{"line":106,"column":57}}],"line":106},"11":{"loc":{"start":{"line":121,"column":2},"end":{"line":132,"column":3}},"type":"if","locations":[{"start":{"line":121,"column":2},"end":{"line":132,"column":3}},{"start":{},"end":{}}],"line":121},"12":{"loc":{"start":{"line":121,"column":6},"end":{"line":121,"column":46}},"type":"binary-expr","locations":[{"start":{"line":121,"column":6},"end":{"line":121,"column":14}},{"start":{"line":121,"column":18},"end":{"line":121,"column":46}}],"line":121},"13":{"loc":{"start":{"line":135,"column":2},"end":{"line":146,"column":3}},"type":"if","locations":[{"start":{"line":135,"column":2},"end":{"line":146,"column":3}},{"start":{},"end":{}}],"line":135},"14":{"loc":{"start":{"line":135,"column":6},"end":{"line":135,"column":48}},"type":"binary-expr","locations":[{"start":{"line":135,"column":6},"end":{"line":135,"column":15}},{"start":{"line":135,"column":19},"end":{"line":135,"column":48}}],"line":135}},"s":{"0":1,"1":2,"2":0,"3":0,"4":0,"5":0,"6":0,"7":0,"8":0,"9":0,"10":0,"11":0,"12":0,"13":0,"14":0,"15":0,"16":0,"17":0,"18":0,"19":0,"20":1,"21":210,"22":0,"23":210,"24":2,"25":1,"26":1,"27":0,"28":105,"29":105,"30":105,"31":0,"32":105,"33":105,"34":105,"35":1,"36":104},"f":{"0":2,"1":0,"2":0,"3":0,"4":1,"5":210,"6":105},"b":{"0":[0,0],"1":[0,0],"2":[0,0],"3":[0,0],"4":[0,0],"5":[0,0],"6":[0,210],"7":[210,210],"8":[1,1],"9":[0,1],"10":[1,0],"11":[105,0],"12":[105,105],"13":[105,0],"14":[105,105]},"inputSourceMap":null,"_coverageSchema":"1a1c01bbd47fc00a2c39e90264f33305004495a9","hash":"70127eb85b2c57220802dffc5002874284a28791"},"/home/omar/claude - sales_auto_skill/mcp-server/src/utils/circuit-breaker.js":{"path":"/home/omar/claude - sales_auto_skill/mcp-server/src/utils/circuit-breaker.js","statementMap":{"0":{"start":{"line":19,"column":15},"end":{"line":19,"column":45}},"1":{"start":{"line":25,"column":31},"end":{"line":25,"column":40}},"2":{"start":{"line":31,"column":24},"end":{"line":39,"column":1}},"3":{"start":{"line":45,"column":24},"end":{"line":94,"column":1}},"4":{"start":{"line":107,"column":61},"end":{"line":107,"column":68}},"5":{"start":{"line":110,"column":24},"end":{"line":110,"column":71}},"6":{"start":{"line":111,"column":17},"end":{"line":115,"column":3}},"7":{"start":{"line":118,"column":2},"end":{"line":121,"column":3}},"8":{"start":{"line":119,"column":4},"end":{"line":119,"column":74}},"9":{"start":{"line":120,"column":4},"end":{"line":120,"column":51}},"10":{"start":{"line":123,"column":2},"end":{"line":127,"column":5}},"11":{"start":{"line":130,"column":18},"end":{"line":130,"column":48}},"12":{"start":{"line":133,"column":2},"end":{"line":152,"column":3}},"13":{"start":{"line":134,"column":4},"end":{"line":134,"column":31}},"14":{"start":{"line":135,"column":9},"end":{"line":152,"column":3}},"15":{"start":{"line":137,"column":4},"end":{"line":151,"column":7}},"16":{"start":{"line":138,"column":6},"end":{"line":138,"column":80}},"17":{"start":{"line":141,"column":23},"end":{"line":141,"column":63}},"18":{"start":{"line":142,"column":21},"end":{"line":142,"column":40}},"19":{"start":{"line":144,"column":6},"end":{"line":147,"column":7}},"20":{"start":{"line":145,"column":8},"end":{"line":145,"column":64}},"21":{"start":{"line":146,"column":8},"end":{"line":146,"column":46}},"22":{"start":{"line":150,"column":6},"end":{"line":150,"column":82}},"23":{"start":{"line":157,"column":2},"end":{"line":164,"column":5}},"24":{"start":{"line":158,"column":4},"end":{"line":163,"column":7}},"25":{"start":{"line":167,"column":2},"end":{"line":169,"column":5}},"26":{"start":{"line":168,"column":4},"end":{"line":168,"column":75}},"27":{"start":{"line":172,"column":2},"end":{"line":176,"column":5}},"28":{"start":{"line":173,"column":4},"end":{"line":175,"column":7}},"29":{"start":{"line":179,"column":2},"end":{"line":184,"column":5}},"30":{"start":{"line":180,"column":4},"end":{"line":183,"column":7}},"31":{"start":{"line":187,"column":2},"end":{"line":191,"column":5}},"32":{"start":{"line":188,"column":4},"end":{"line":190,"column":7}},"33":{"start":{"line":194,"column":2},"end":{"line":196,"column":5}},"34":{"start":{"line":195,"column":4},"end":{"line":195,"column":70}},"35":{"start":{"line":199,"column":2},"end":{"line":203,"column":5}},"36":{"start":{"line":200,"column":4},"end":{"line":202,"column":7}},"37":{"start":{"line":206,"column":2},"end":{"line":210,"column":5}},"38":{"start":{"line":207,"column":4},"end":{"line":209,"column":7}},"39":{"start":{"line":213,"column":2},"end":{"line":213,"column":51}},"40":{"start":{"line":215,"column":2},"end":{"line":215,"column":17}},"41":{"start":{"line":225,"column":2},"end":{"line":225,"column":32}},"42":{"start":{"line":235,"column":2},"end":{"line":235,"column":50}},"43":{"start":{"line":245,"column":18},"end":{"line":245,"column":50}},"44":{"start":{"line":247,"column":2},"end":{"line":253,"column":3}},"45":{"start":{"line":248,"column":4},"end":{"line":252,"column":6}},"46":{"start":{"line":255,"column":16},"end":{"line":255,"column":29}},"47":{"start":{"line":256,"column":20},"end":{"line":258,"column":7}},"48":{"start":{"line":260,"column":2},"end":{"line":275,"column":4}},"49":{"start":{"line":284,"column":17},"end":{"line":284,"column":19}},"50":{"start":{"line":286,"column":2},"end":{"line":288,"column":3}},"51":{"start":{"line":287,"column":4},"end":{"line":287,"column":49}},"52":{"start":{"line":290,"column":2},"end":{"line":290,"column":16}},"53":{"start":{"line":301,"column":18},"end":{"line":301,"column":50}},"54":{"start":{"line":303,"column":2},"end":{"line":306,"column":3}},"55":{"start":{"line":304,"column":4},"end":{"line":304,"column":68}},"56":{"start":{"line":305,"column":4},"end":{"line":305,"column":17}},"57":{"start":{"line":308,"column":2},"end":{"line":312,"column":3}},"58":{"start":{"line":309,"column":4},"end":{"line":309,"column":62}},"59":{"start":{"line":310,"column":4},"end":{"line":310,"column":20}},"60":{"start":{"line":311,"column":4},"end":{"line":311,"column":16}},"61":{"start":{"line":314,"column":2},"end":{"line":314,"column":57}},"62":{"start":{"line":315,"column":2},"end":{"line":315,"column":14}},"63":{"start":{"line":323,"column":2},"end":{"line":323,"column":52}},"64":{"start":{"line":325,"column":2},"end":{"line":328,"column":3}},"65":{"start":{"line":326,"column":4},"end":{"line":326,"column":23}},"66":{"start":{"line":327,"column":4},"end":{"line":327,"column":54}},"67":{"start":{"line":330,"column":2},"end":{"line":330,"column":33}}},"fnMap":{"0":{"name":"createCircuitBreaker","decl":{"start":{"line":106,"column":16},"end":{"line":106,"column":36}},"loc":{"start":{"line":106,"column":55},"end":{"line":216,"column":1}},"line":106},"1":{"name":"(anonymous_1)","decl":{"start":{"line":137,"column":21},"end":{"line":137,"column":22}},"loc":{"start":{"line":137,"column":34},"end":{"line":151,"column":5}},"line":137},"2":{"name":"(anonymous_2)","decl":{"start":{"line":157,"column":21},"end":{"line":157,"column":22}},"loc":{"start":{"line":157,"column":27},"end":{"line":164,"column":3}},"line":157},"3":{"name":"(anonymous_3)","decl":{"start":{"line":167,"column":25},"end":{"line":167,"column":26}},"loc":{"start":{"line":167,"column":31},"end":{"line":169,"column":3}},"line":167},"4":{"name":"(anonymous_4)","decl":{"start":{"line":172,"column":22},"end":{"line":172,"column":23}},"loc":{"start":{"line":172,"column":28},"end":{"line":176,"column":3}},"line":172},"5":{"name":"(anonymous_5)","decl":{"start":{"line":179,"column":24},"end":{"line":179,"column":25}},"loc":{"start":{"line":179,"column":35},"end":{"line":184,"column":3}},"line":179},"6":{"name":"(anonymous_6)","decl":{"start":{"line":187,"column":24},"end":{"line":187,"column":25}},"loc":{"start":{"line":187,"column":30},"end":{"line":191,"column":3}},"line":187},"7":{"name":"(anonymous_7)","decl":{"start":{"line":194,"column":23},"end":{"line":194,"column":24}},"loc":{"start":{"line":194,"column":29},"end":{"line":196,"column":3}},"line":194},"8":{"name":"(anonymous_8)","decl":{"start":{"line":199,"column":25},"end":{"line":199,"column":26}},"loc":{"start":{"line":199,"column":37},"end":{"line":203,"column":3}},"line":199},"9":{"name":"(anonymous_9)","decl":{"start":{"line":206,"column":24},"end":{"line":206,"column":25}},"loc":{"start":{"line":206,"column":36},"end":{"line":210,"column":3}},"line":206},"10":{"name":"getAllCircuitBreakers","decl":{"start":{"line":224,"column":16},"end":{"line":224,"column":37}},"loc":{"start":{"line":224,"column":40},"end":{"line":226,"column":1}},"line":224},"11":{"name":"getCircuitBreaker","decl":{"start":{"line":234,"column":16},"end":{"line":234,"column":33}},"loc":{"start":{"line":234,"column":40},"end":{"line":236,"column":1}},"line":234},"12":{"name":"getCircuitBreakerHealth","decl":{"start":{"line":244,"column":16},"end":{"line":244,"column":39}},"loc":{"start":{"line":244,"column":46},"end":{"line":276,"column":1}},"line":244},"13":{"name":"getAllCircuitBreakerHealth","decl":{"start":{"line":283,"column":16},"end":{"line":283,"column":42}},"loc":{"start":{"line":283,"column":45},"end":{"line":291,"column":1}},"line":283},"14":{"name":"resetCircuitBreaker","decl":{"start":{"line":300,"column":16},"end":{"line":300,"column":35}},"loc":{"start":{"line":300,"column":42},"end":{"line":316,"column":1}},"line":300},"15":{"name":"shutdownCircuitBreakers","decl":{"start":{"line":322,"column":16},"end":{"line":322,"column":39}},"loc":{"start":{"line":322,"column":42},"end":{"line":331,"column":1}},"line":322}},"branchMap":{"0":{"loc":{"start":{"line":106,"column":41},"end":{"line":106,"column":53}},"type":"default-arg","locations":[{"start":{"line":106,"column":51},"end":{"line":106,"column":53}}],"line":106},"1":{"loc":{"start":{"line":110,"column":24},"end":{"line":110,"column":71}},"type":"cond-expr","locations":[{"start":{"line":110,"column":38},"end":{"line":110,"column":66}},{"start":{"line":110,"column":69},"end":{"line":110,"column":71}}],"line":110},"2":{"loc":{"start":{"line":118,"column":2},"end":{"line":121,"column":3}},"type":"if","locations":[{"start":{"line":118,"column":2},"end":{"line":121,"column":3}},{"start":{},"end":{}}],"line":118},"3":{"loc":{"start":{"line":133,"column":2},"end":{"line":152,"column":3}},"type":"if","locations":[{"start":{"line":133,"column":2},"end":{"line":152,"column":3}},{"start":{"line":135,"column":9},"end":{"line":152,"column":3}}],"line":133},"4":{"loc":{"start":{"line":135,"column":9},"end":{"line":152,"column":3}},"type":"if","locations":[{"start":{"line":135,"column":9},"end":{"line":152,"column":3}},{"start":{},"end":{}}],"line":135},"5":{"loc":{"start":{"line":144,"column":6},"end":{"line":147,"column":7}},"type":"if","locations":[{"start":{"line":144,"column":6},"end":{"line":147,"column":7}},{"start":{},"end":{}}],"line":144},"6":{"loc":{"start":{"line":235,"column":9},"end":{"line":235,"column":49}},"type":"binary-expr","locations":[{"start":{"line":235,"column":9},"end":{"line":235,"column":41}},{"start":{"line":235,"column":45},"end":{"line":235,"column":49}}],"line":235},"7":{"loc":{"start":{"line":247,"column":2},"end":{"line":253,"column":3}},"type":"if","locations":[{"start":{"line":247,"column":2},"end":{"line":253,"column":3}},{"start":{},"end":{}}],"line":247},"8":{"loc":{"start":{"line":256,"column":20},"end":{"line":258,"column":7}},"type":"cond-expr","locations":[{"start":{"line":257,"column":6},"end":{"line":257,"column":53}},{"start":{"line":258,"column":6},"end":{"line":258,"column":7}}],"line":256},"9":{"loc":{"start":{"line":263,"column":11},"end":{"line":263,"column":78}},"type":"cond-expr","locations":[{"start":{"line":263,"column":28},"end":{"line":263,"column":34}},{"start":{"line":263,"column":37},"end":{"line":263,"column":78}}],"line":263},"10":{"loc":{"start":{"line":263,"column":37},"end":{"line":263,"column":78}},"type":"cond-expr","locations":[{"start":{"line":263,"column":56},"end":{"line":263,"column":67}},{"start":{"line":263,"column":70},"end":{"line":263,"column":78}}],"line":263},"11":{"loc":{"start":{"line":273,"column":18},"end":{"line":273,"column":70}},"type":"cond-expr","locations":[{"start":{"line":273,"column":38},"end":{"line":273,"column":63}},{"start":{"line":273,"column":66},"end":{"line":273,"column":70}}],"line":273},"12":{"loc":{"start":{"line":303,"column":2},"end":{"line":306,"column":3}},"type":"if","locations":[{"start":{"line":303,"column":2},"end":{"line":306,"column":3}},{"start":{},"end":{}}],"line":303},"13":{"loc":{"start":{"line":308,"column":2},"end":{"line":312,"column":3}},"type":"if","locations":[{"start":{"line":308,"column":2},"end":{"line":312,"column":3}},{"start":{},"end":{}}],"line":308},"14":{"loc":{"start":{"line":308,"column":6},"end":{"line":308,"column":40}},"type":"binary-expr","locations":[{"start":{"line":308,"column":6},"end":{"line":308,"column":20}},{"start":{"line":308,"column":24},"end":{"line":308,"column":40}}],"line":308}},"s":{"0":1,"1":1,"2":1,"3":1,"4":3,"5":3,"6":3,"7":3,"8":0,"9":0,"10":3,"11":3,"12":3,"13":3,"14":0,"15":0,"16":0,"17":0,"18":0,"19":0,"20":0,"21":0,"22":0,"23":3,"24":0,"25":3,"26":0,"27":3,"28":0,"29":3,"30":0,"31":3,"32":0,"33":3,"34":0,"35":3,"36":0,"37":3,"38":0,"39":3,"40":3,"41":0,"42":0,"43":0,"44":0,"45":0,"46":0,"47":0,"48":0,"49":0,"50":0,"51":0,"52":0,"53":0,"54":0,"55":0,"56":0,"57":0,"58":0,"59":0,"60":0,"61":0,"62":0,"63":0,"64":0,"65":0,"66":0,"67":0},"f":{"0":3,"1":0,"2":0,"3":0,"4":0,"5":0,"6":0,"7":0,"8":0,"9":0,"10":0,"11":0,"12":0,"13":0,"14":0,"15":0},"b":{"0":[0],"1":[3,0],"2":[0,3],"3":[3,0],"4":[0,0],"5":[0,0],"6":[0,0],"7":[0,0],"8":[0,0],"9":[0,0],"10":[0,0],"11":[0,0],"12":[0,0],"13":[0,0],"14":[0,0]},"inputSourceMap":null,"_coverageSchema":"1a1c01bbd47fc00a2c39e90264f33305004495a9","hash":"0b7d95c4e185b53b62aea459d77911d519e192c5"},"/home/omar/claude - sales_auto_skill/mcp-server/src/clients/hubspot-client.js":{"path":"/home/omar/claude - sales_auto_skill/mcp-server/src/clients/hubspot-client.js","statementMap":{"0":{"start":{"line":28,"column":19},"end":{"line":28,"column":63}},"1":{"start":{"line":30,"column":4},"end":{"line":32,"column":5}},"2":{"start":{"line":31,"column":6},"end":{"line":31,"column":77}},"3":{"start":{"line":34,"column":4},"end":{"line":34,"column":25}},"4":{"start":{"line":35,"column":4},"end":{"line":35,"column":44}},"5":{"start":{"line":38,"column":4},"end":{"line":38,"column":48}},"6":{"start":{"line":41,"column":4},"end":{"line":48,"column":7}},"7":{"start":{"line":51,"column":4},"end":{"line":93,"column":7}},"8":{"start":{"line":56,"column":8},"end":{"line":62,"column":9}},"9":{"start":{"line":57,"column":10},"end":{"line":60,"column":13}},"10":{"start":{"line":61,"column":10},"end":{"line":61,"column":22}},"11":{"start":{"line":65,"column":8},"end":{"line":71,"column":9}},"12":{"start":{"line":66,"column":10},"end":{"line":69,"column":13}},"13":{"start":{"line":70,"column":10},"end":{"line":70,"column":22}},"14":{"start":{"line":74,"column":8},"end":{"line":80,"column":9}},"15":{"start":{"line":75,"column":10},"end":{"line":78,"column":13}},"16":{"start":{"line":79,"column":10},"end":{"line":79,"column":22}},"17":{"start":{"line":82,"column":8},"end":{"line":82,"column":21}},"18":{"start":{"line":85,"column":8},"end":{"line":91,"column":11}},"19":{"start":{"line":96,"column":4},"end":{"line":99,"column":6}},"20":{"start":{"line":97,"column":20},"end":{"line":97,"column":28}},"21":{"start":{"line":98,"column":17},"end":{"line":98,"column":46}},"22":{"start":{"line":103,"column":4},"end":{"line":118,"column":6}},"23":{"start":{"line":106,"column":8},"end":{"line":106,"column":56}},"24":{"start":{"line":112,"column":10},"end":{"line":112,"column":77}},"25":{"start":{"line":113,"column":10},"end":{"line":115,"column":12}},"26":{"start":{"line":123,"column":26},"end":{"line":127,"column":5}},"27":{"start":{"line":129,"column":4},"end":{"line":135,"column":5}},"28":{"start":{"line":130,"column":6},"end":{"line":134,"column":7}},"29":{"start":{"line":131,"column":8},"end":{"line":131,"column":36}},"30":{"start":{"line":133,"column":8},"end":{"line":133,"column":34}},"31":{"start":{"line":137,"column":4},"end":{"line":137,"column":57}},"32":{"start":{"line":150,"column":4},"end":{"line":174,"column":5}},"33":{"start":{"line":151,"column":65},"end":{"line":151,"column":76}},"34":{"start":{"line":153,"column":6},"end":{"line":155,"column":7}},"35":{"start":{"line":154,"column":8},"end":{"line":154,"column":65}},"36":{"start":{"line":158,"column":23},"end":{"line":165,"column":8}},"37":{"start":{"line":167,"column":6},"end":{"line":171,"column":8}},"38":{"start":{"line":173,"column":6},"end":{"line":173,"column":55}},"39":{"start":{"line":184,"column":4},"end":{"line":196,"column":5}},"40":{"start":{"line":185,"column":23},"end":{"line":188,"column":7}},"41":{"start":{"line":190,"column":6},"end":{"line":193,"column":8}},"42":{"start":{"line":195,"column":6},"end":{"line":195,"column":55}},"43":{"start":{"line":206,"column":4},"end":{"line":220,"column":5}},"44":{"start":{"line":207,"column":21},"end":{"line":207,"column":86}},"45":{"start":{"line":209,"column":23},"end":{"line":212,"column":7}},"46":{"start":{"line":214,"column":6},"end":{"line":217,"column":8}},"47":{"start":{"line":219,"column":6},"end":{"line":219,"column":52}},"48":{"start":{"line":229,"column":4},"end":{"line":247,"column":5}},"49":{"start":{"line":230,"column":63},"end":{"line":230,"column":75}},"50":{"start":{"line":232,"column":23},"end":{"line":237,"column":8}},"51":{"start":{"line":239,"column":6},"end":{"line":244,"column":8}},"52":{"start":{"line":246,"column":6},"end":{"line":246,"column":56}},"53":{"start":{"line":256,"column":4},"end":{"line":287,"column":5}},"54":{"start":{"line":257,"column":21},"end":{"line":270,"column":8}},"55":{"start":{"line":272,"column":6},"end":{"line":278,"column":7}},"56":{"start":{"line":273,"column":8},"end":{"line":277,"column":10}},"57":{"start":{"line":280,"column":6},"end":{"line":284,"column":8}},"58":{"start":{"line":286,"column":6},"end":{"line":286,"column":60}},"59":{"start":{"line":297,"column":4},"end":{"line":310,"column":5}},"60":{"start":{"line":298,"column":23},"end":{"line":301,"column":8}},"61":{"start":{"line":303,"column":6},"end":{"line":307,"column":8}},"62":{"start":{"line":309,"column":6},"end":{"line":309,"column":55}},"63":{"start":{"line":319,"column":4},"end":{"line":337,"column":5}},"64":{"start":{"line":320,"column":21},"end":{"line":323,"column":9}},"65":{"start":{"line":320,"column":48},"end":{"line":323,"column":7}},"66":{"start":{"line":325,"column":23},"end":{"line":328,"column":7}},"67":{"start":{"line":330,"column":6},"end":{"line":334,"column":8}},"68":{"start":{"line":336,"column":6},"end":{"line":336,"column":61}},"69":{"start":{"line":350,"column":4},"end":{"line":362,"column":5}},"70":{"start":{"line":351,"column":23},"end":{"line":353,"column":8}},"71":{"start":{"line":355,"column":6},"end":{"line":359,"column":8}},"72":{"start":{"line":361,"column":6},"end":{"line":361,"column":55}},"73":{"start":{"line":372,"column":4},"end":{"line":384,"column":5}},"74":{"start":{"line":373,"column":23},"end":{"line":376,"column":7}},"75":{"start":{"line":378,"column":6},"end":{"line":381,"column":8}},"76":{"start":{"line":383,"column":6},"end":{"line":383,"column":55}},"77":{"start":{"line":393,"column":4},"end":{"line":411,"column":5}},"78":{"start":{"line":394,"column":63},"end":{"line":394,"column":75}},"79":{"start":{"line":396,"column":23},"end":{"line":401,"column":8}},"80":{"start":{"line":403,"column":6},"end":{"line":408,"column":8}},"81":{"start":{"line":410,"column":6},"end":{"line":410,"column":57}},"82":{"start":{"line":420,"column":4},"end":{"line":451,"column":5}},"83":{"start":{"line":421,"column":21},"end":{"line":434,"column":8}},"84":{"start":{"line":436,"column":6},"end":{"line":442,"column":7}},"85":{"start":{"line":437,"column":8},"end":{"line":441,"column":10}},"86":{"start":{"line":444,"column":6},"end":{"line":448,"column":8}},"87":{"start":{"line":450,"column":6},"end":{"line":450,"column":61}},"88":{"start":{"line":464,"column":4},"end":{"line":476,"column":5}},"89":{"start":{"line":465,"column":23},"end":{"line":467,"column":8}},"90":{"start":{"line":469,"column":6},"end":{"line":473,"column":8}},"91":{"start":{"line":475,"column":6},"end":{"line":475,"column":52}},"92":{"start":{"line":486,"column":4},"end":{"line":498,"column":5}},"93":{"start":{"line":487,"column":23},"end":{"line":490,"column":7}},"94":{"start":{"line":492,"column":6},"end":{"line":495,"column":8}},"95":{"start":{"line":497,"column":6},"end":{"line":497,"column":52}},"96":{"start":{"line":512,"column":4},"end":{"line":530,"column":5}},"97":{"start":{"line":513,"column":23},"end":{"line":521,"column":7}},"98":{"start":{"line":523,"column":6},"end":{"line":527,"column":8}},"99":{"start":{"line":529,"column":6},"end":{"line":529,"column":67}},"100":{"start":{"line":540,"column":4},"end":{"line":558,"column":5}},"101":{"start":{"line":541,"column":23},"end":{"line":549,"column":7}},"102":{"start":{"line":551,"column":6},"end":{"line":555,"column":8}},"103":{"start":{"line":557,"column":6},"end":{"line":557,"column":64}},"104":{"start":{"line":568,"column":4},"end":{"line":580,"column":5}},"105":{"start":{"line":569,"column":23},"end":{"line":571,"column":7}},"106":{"start":{"line":573,"column":6},"end":{"line":577,"column":8}},"107":{"start":{"line":579,"column":6},"end":{"line":579,"column":64}},"108":{"start":{"line":593,"column":4},"end":{"line":623,"column":5}},"109":{"start":{"line":594,"column":74},"end":{"line":594,"column":82}},"110":{"start":{"line":596,"column":23},"end":{"line":614,"column":8}},"111":{"start":{"line":616,"column":6},"end":{"line":620,"column":8}},"112":{"start":{"line":622,"column":6},"end":{"line":622,"column":52}},"113":{"start":{"line":632,"column":4},"end":{"line":667,"column":5}},"114":{"start":{"line":634,"column":8},"end":{"line":634,"column":16}},"115":{"start":{"line":636,"column":23},"end":{"line":658,"column":8}},"116":{"start":{"line":660,"column":6},"end":{"line":664,"column":8}},"117":{"start":{"line":666,"column":6},"end":{"line":666,"column":52}},"118":{"start":{"line":676,"column":4},"end":{"line":709,"column":5}},"119":{"start":{"line":677,"column":71},"end":{"line":677,"column":80}},"120":{"start":{"line":679,"column":23},"end":{"line":700,"column":8}},"121":{"start":{"line":702,"column":6},"end":{"line":706,"column":8}},"122":{"start":{"line":708,"column":6},"end":{"line":708,"column":50}},"123":{"start":{"line":718,"column":4},"end":{"line":735,"column":5}},"124":{"start":{"line":719,"column":63},"end":{"line":719,"column":72}},"125":{"start":{"line":721,"column":23},"end":{"line":726,"column":8}},"126":{"start":{"line":728,"column":6},"end":{"line":732,"column":8}},"127":{"start":{"line":734,"column":6},"end":{"line":734,"column":61}},"128":{"start":{"line":747,"column":18},"end":{"line":751,"column":5}},"129":{"start":{"line":752,"column":4},"end":{"line":752,"column":50}},"130":{"start":{"line":760,"column":18},"end":{"line":764,"column":5}},"131":{"start":{"line":765,"column":4},"end":{"line":765,"column":50}},"132":{"start":{"line":773,"column":4},"end":{"line":786,"column":5}},"133":{"start":{"line":775,"column":23},"end":{"line":777,"column":7}},"134":{"start":{"line":778,"column":6},"end":{"line":778,"column":50}},"135":{"start":{"line":779,"column":6},"end":{"line":779,"column":50}},"136":{"start":{"line":780,"column":6},"end":{"line":780,"column":21}},"137":{"start":{"line":781,"column":11},"end":{"line":786,"column":5}},"138":{"start":{"line":783,"column":6},"end":{"line":783,"column":68}},"139":{"start":{"line":785,"column":6},"end":{"line":785,"column":18}},"140":{"start":{"line":794,"column":26},"end":{"line":799,"column":5}},"141":{"start":{"line":801,"column":4},"end":{"line":803,"column":5}},"142":{"start":{"line":802,"column":6},"end":{"line":802,"column":50}},"143":{"start":{"line":805,"column":4},"end":{"line":807,"column":5}},"144":{"start":{"line":806,"column":6},"end":{"line":806,"column":54}},"145":{"start":{"line":810,"column":4},"end":{"line":810,"column":57}},"146":{"start":{"line":812,"column":4},"end":{"line":812,"col
[...]
191":{"start":{"line":576,"column":6},"end":{"line":576,"column":57}},"192":{"start":{"line":578,"column":6},"end":{"line":578,"column":20}},"193":{"start":{"line":580,"column":6},"end":{"line":580,"column":58}},"194":{"start":{"line":581,"column":6},"end":{"line":581,"column":40}},"195":{"start":{"line":582,"column":6},"end":{"line":582,"column":26}},"196":{"start":{"line":583,"column":6},"end":{"line":583,"column":18}},"197":{"start":{"line":588,"column":4},"end":{"line":608,"column":5}},"198":{"start":{"line":589,"column":22},"end":{"line":589,"column":67}},"199":{"start":{"line":591,"column":6},"end":{"line":591,"column":59}},"200":{"start":{"line":593,"column":6},"end":{"line":597,"column":7}},"201":{"start":{"line":594,"column":8},"end":{"line":594,"column":91}},"202":{"start":{"line":599,"column":6},"end":{"line":599,"column":49}},"203":{"start":{"line":601,"column":6},"end":{"line":605,"column":9}},"204":{"start":{"line":607,"column":6},"end":{"line":607,"column":69}},"205":{"start":{"line":612,"column":18},"end":{"line":612,"column":56}},"206":{"start":{"line":614,"column":4},"end":{"line":631,"column":5}},"207":{"start":{"line":615,"column":19},"end":{"line":619,"column":8}},"208":{"start":{"line":621,"column":25},"end":{"line":621,"column":40}},"209":{"start":{"line":623,"column":6},"end":{"line":627,"column":10}},"210":{"start":{"line":623,"column":36},"end":{"line":627,"column":7}},"211":{"start":{"line":629,"column":6},"end":{"line":629,"column":75}},"212":{"start":{"line":630,"column":6},"end":{"line":630,"column":16}},"213":{"start":{"line":635,"column":4},"end":{"line":646,"column":5}},"214":{"start":{"line":636,"column":20},"end":{"line":636,"column":58}},"215":{"start":{"line":638,"column":19},"end":{"line":641,"column":8}},"216":{"start":{"line":643,"column":6},"end":{"line":643,"column":58}},"217":{"start":{"line":645,"column":6},"end":{"line":645,"column":69}},"218":{"start":{"line":651,"column":4},"end":{"line":657,"column":6}}},"fnMap":{"0":{"name":"(anonymous_0)","decl":{"start":{"line":18,"column":2},"end":{"line":18,"column":3}},"loc":{"start":{"line":18,"column":33},"end":{"line":44,"column":3}},"line":18},"1":{"name":"(anonymous_1)","decl":{"start":{"line":50,"column":2},"end":{"line":50,"column":3}},"loc":{"start":{"line":50,"column":29},"end":{"line":115,"column":3}},"line":50},"2":{"name":"(anonymous_2)","decl":{"start":{"line":117,"column":2},"end":{"line":117,"column":3}},"loc":{"start":{"line":117,"column":30},"end":{"line":149,"column":3}},"line":117},"3":{"name":"(anonymous_3)","decl":{"start":{"line":155,"column":2},"end":{"line":155,"column":3}},"loc":{"start":{"line":155,"column":16},"end":{"line":171,"column":3}},"line":155},"4":{"name":"(anonymous_4)","decl":{"start":{"line":173,"column":2},"end":{"line":173,"column":3}},"loc":{"start":{"line":173,"column":17},"end":{"line":189,"column":3}},"line":173},"5":{"name":"(anonymous_5)","decl":{"start":{"line":195,"column":2},"end":{"line":195,"column":3}},"loc":{"start":{"line":195,"column":36},"end":{"line":233,"column":3}},"line":195},"6":{"name":"(anonymous_6)","decl":{"start":{"line":239,"column":2},"end":{"line":239,"column":3}},"loc":{"start":{"line":239,"column":32},"end":{"line":266,"column":3}},"line":239},"7":{"name":"(anonymous_7)","decl":{"start":{"line":252,"column":42},"end":{"line":252,"column":43}},"loc":{"start":{"line":252,"column":52},"end":{"line":255,"column":7}},"line":252},"8":{"name":"(anonymous_8)","decl":{"start":{"line":272,"column":2},"end":{"line":272,"column":3}},"loc":{"start":{"line":272,"column":35},"end":{"line":299,"column":3}},"line":272},"9":{"name":"(anonymous_9)","decl":{"start":{"line":305,"column":2},"end":{"line":305,"column":3}},"loc":{"start":{"line":305,"column":20},"end":{"line":315,"column":3}},"line":305},"10":{"name":"(anonymous_10)","decl":{"start":{"line":317,"column":2},"end":{"line":317,"column":3}},"loc":{"start":{"line":317,"column":30},"end":{"line":352,"column":3}},"line":317},"11":{"name":"(anonymous_11)","decl":{"start":{"line":358,"column":2},"end":{"line":358,"column":3}},"loc":{"start":{"line":358,"column":34},"end":{"line":396,"column":3}},"line":358},"12":{"name":"(anonymous_12)","decl":{"start":{"line":383,"column":35},"end":{"line":383,"column":36}},"loc":{"start":{"line":383,"column":43},"end":{"line":386,"column":9}},"line":383},"13":{"name":"(anonymous_13)","decl":{"start":{"line":402,"column":2},"end":{"line":402,"column":3}},"loc":{"start":{"line":402,"column":22},"end":{"line":411,"column":3}},"line":402},"14":{"name":"(anonymous_14)","decl":{"start":{"line":413,"column":2},"end":{"line":413,"column":3}},"loc":{"start":{"line":413,"column":20},"end":{"line":434,"column":3}},"line":413},"15":{"name":"(anonymous_15)","decl":{"start":{"line":436,"column":2},"end":{"line":436,"column":3}},"loc":{"start":{"line":436,"column":23},"end":{"line":464,"column":3}},"line":436},"16":{"name":"(anonymous_16)","decl":{"start":{"line":466,"column":2},"end":{"line":466,"column":3}},"loc":{"start":{"line":466,"column":22},"end":{"line":505,"column":3}},"line":466},"17":{"name":"(anonymous_17)","decl":{"start":{"line":471,"column":67},"end":{"line":471,"column":68}},"loc":{"start":{"line":471,"column":79},"end":{"line":476,"column":7}},"line":471},"18":{"name":"(anonymous_18)","decl":{"start":{"line":490,"column":57},"end":{"line":490,"column":58}},"loc":{"start":{"line":490,"column":69},"end":{"line":495,"column":7}},"line":490},"19":{"name":"(anonymous_19)","decl":{"start":{"line":507,"column":2},"end":{"line":507,"column":3}},"loc":{"start":{"line":507,"column":18},"end":{"line":513,"column":3}},"line":507},"20":{"name":"(anonymous_20)","decl":{"start":{"line":515,"column":2},"end":{"line":515,"column":3}},"loc":{"start":{"line":515,"column":20},"end":{"line":518,"column":3}},"line":515},"21":{"name":"(anonymous_21)","decl":{"start":{"line":520,"column":2},"end":{"line":520,"column":3}},"loc":{"start":{"line":520,"column":34},"end":{"line":585,"column":3}},"line":520},"22":{"name":"(anonymous_22)","decl":{"start":{"line":587,"column":2},"end":{"line":587,"column":3}},"loc":{"start":{"line":587,"column":26},"end":{"line":609,"column":3}},"line":587},"23":{"name":"(anonymous_23)","decl":{"start":{"line":611,"column":2},"end":{"line":611,"column":3}},"loc":{"start":{"line":611,"column":28},"end":{"line":632,"column":3}},"line":611},"24":{"name":"(anonymous_24)","decl":{"start":{"line":623,"column":28},"end":{"line":623,"column":29}},"loc":{"start":{"line":623,"column":36},"end":{"line":627,"column":7}},"line":623},"25":{"name":"(anonymous_25)","decl":{"start":{"line":634,"column":2},"end":{"line":634,"column":3}},"loc":{"start":{"line":634,"column":41},"end":{"line":647,"column":3}},"line":634},"26":{"name":"(anonymous_26)","decl":{"start":{"line":649,"column":2},"end":{"line":649,"column":3}},"loc":{"start":{"line":649,"column":33},"end":{"line":658,"column":3}},"line":649}},"branchMap":{"0":{"loc":{"start":{"line":50,"column":15},"end":{"line":50,"column":27}},"type":"default-arg","locations":[{"start":{"line":50,"column":25},"end":{"line":50,"column":27}}],"line":50},"1":{"loc":{"start":{"line":51,"column":25},"end":{"line":51,"column":42}},"type":"default-arg","locations":[{"start":{"line":51,"column":37},"end":{"line":51,"column":42}}],"line":51},"2":{"loc":{"start":{"line":57,"column":6},"end":{"line":59,"column":7}},"type":"if","locations":[{"start":{"line":57,"column":6},"end":{"line":59,"column":7}},{"start":{},"end":{}}],"line":57},"3":{"loc":{"start":{"line":63,"column":6},"end":{"line":69,"column":7}},"type":"if","locations":[{"start":{"line":63,"column":6},"end":{"line":69,"column":7}},{"start":{},"end":{}}],"line":63},"4":{"loc":{"start":{"line":63,"column":10},"end":{"line":63,"column":57}},"type":"binary-expr","locations":[{"start":{"line":63,"column":10},"end":{"line":63,"column":22}},{"start":{"line":63,"column":26},"end":{"line":63,"column":57}}],"line":63},"5":{"loc":{"start":{"line":75,"column":6},"end":{"line":81,"column":7}},"type":"if","locations":[{"start":{"line":75,"column":6},"end":{"line":81,"column":7}},{"start":{},"end":{}}],"line":75},"6":{"loc":{"start":{"line":85,"column":6},"end":{"line":91,"column":7}},"type":"if","locations":[{"start":{"line":85,"column":6},"end":{"line":91,"column":7}},{"start":{},"end":{}}],"line":85},"7":{"loc":{"start":{"line":117,"column":16},"end":{"line":117,"column":28}},"type":"default-arg","locations":[{"start":{"line":117,"column":26},"end":{"line":117,"column":28}}],"line":117},"8":{"loc":{"start":{"line":118,"column":12},"end":{"line":118,"column":29}},"type":"default-arg","locations":[{"start":{"line":118,"column":24},"end":{"line":118,"column":29}}],"line":118},"9":{"loc":{"start":{"line":123,"column":6},"end":{"line":127,"column":7}},"type":"if","locations":[{"start":{"line":123,"column":6},"end":{"line":127,"column":7}},{"start":{},"end":{}}],"line":123},"10":{"loc":{"start":{"line":123,"column":10},"end":{"line":123,"column":41}},"type":"binary-expr","locations":[{"start":{"line":123,"column":10},"end":{"line":123,"column":20}},{"start":{"line":123,"column":24},"end":{"line":123,"column":41}}],"line":123},"11":{"loc":{"start":{"line":156,"column":4},"end":{"line":161,"column":5}},"type":"if","locations":[{"start":{"line":156,"column":4},"end":{"line":161,"column":5}},{"start":{},"end":{}}],"line":156},"12":{"loc":{"start":{"line":174,"column":4},"end":{"line":179,"column":5}},"type":"if","locations":[{"start":{"line":174,"column":4},"end":{"line":179,"column":5}},{"start":{},"end":{}}],"line":174},"13":{"loc":{"start":{"line":195,"column":22},"end":{"line":195,"column":34}},"type":"default-arg","locations":[{"start":{"line":195,"column":32},"end":{"line":195,"column":34}}],"line":195},"14":{"loc":{"start":{"line":196,"column":12},"end":{"line":196,"column":44}},"type":"default-arg","locations":[{"start":{"line":196,"column":21},"end":{"line":196,"column":44}}],"line":196},"15":{"loc":{"start":{"line":239,"column":18},"end":{"line":239,"column":30}},"type":"default-arg","locations":[{"start":{"line":239,"column":28},"end":{"line":239,"column":30}}],"line":239},"16":{"loc":{"start":{"line":240,"column":12},"end":{"line":240,"column":27}},"type":"default-arg","locations":[{"start":{"line":240,"column":23},"end":{"line":240,"column":27}}],"line":240},"17":{"loc":{"start":{"line":249,"column":4},"end":{"line":260,"column":5}},"type":"if","locations":[{"start":{"line":249,"column":4},"end":{"line":260,"column":5}},{"start":{},"end":{}}],"line":249},"18":{"loc":{"start":{"line":249,"column":8},"end":{"line":249,"column":32}},"type":"binary-expr","locations":[{"start":{"line":249,"column":8},"end":{"line":249,"column":16}},{"start":{"line":249,"column":20},"end":{"line":249,"column":32}}],"line":249},"19":{"loc":{"start":{"line":272,"column":21},"end":{"line":272,"column":33}},"type":"default-arg","locations":[{"start":{"line":272,"column":31},"end":{"line":272,"column":33}}],"line":272},"20":{"loc":{"start":{"line":273,"column":12},"end":{"line":273,"column":27}},"type":"default-arg","locations":[{"start":{"line":273,"column":25},"end":{"line":273,"column":27}}],"line":273},"21":{"loc":{"start":{"line":275,"column":4},"end":{"line":280,"column":5}},"type":"if","locations":[{"start":{"line":275,"column":4},"end":{"line":280,"column":5}},{"start":{},"end":{}}],"line":275},"22":{"loc":{"start":{"line":306,"column":4},"end":{"line":308,"column":5}},"type":"if","locations":[{"start":{"line":306,"column":4},"end":{"line":308,"column":5}},{"start":{},"end":{}}],"line":306},"23":{"loc":{"start":{"line":318,"column":20},"end":{"line":318,"column":35}},"type":"default-arg","locations":[{"start":{"line":318,"column":30},"end":{"line":318,"column":35}}],"line":318},"24":{"loc":{"start":{"line":334,"column":6},"end":{"line":337,"column":7}},"type":"if","locations":[{"start":{"line":334,"column":6},"end":{"line":337,"column":7}},{"start":{},"end":{}}],"line":334},"25":{"loc":{"start":{"line":334,"column":10},"end":{"line":334,"column":33}},"type":"binary-expr","locations":[{"start":{"line":334,"column":10},"end":{"line":334,"column":17}},{"start":{"line":334,"column":21},"end":{"line":334,"column":33}}],"line":334},"26":{"loc":{"start":{"line":358,"column":20},"end":{"line":358,"column":32}},"type":"default-arg","locations":[{"start":{"line":358,"column":30},"end":{"line":358,"column":32}}],"line":358},"27":{"loc":{"start":{"line":359,"column":32},"end":{"line":359,"column":43}},"type":"default-arg","locations":[{"start":{"line":359,"column":40},"end":{"line":359,"column":43}}],"line":359},"28":{"loc":{"start":{"line":365,"column":6},"end":{"line":368,"column":7}},"type":"if","locations":[{"start":{"line":365,"column":6},"end":{"line":368,"column":7}},{"start":{},"end":{}}],"line":365},"29":{"loc":{"start":{"line":370,"column":6},"end":{"line":373,"column":7}},"type":"if","locations":[{"start":{"line":370,"column":6},"end":{"line":373,"column":7}},{"start":{},"end":{}}],"line":370},"30":{"loc":{"start":{"line":416,"column":4},"end":{"line":418,"column":5}},"type":"if","locations":[{"start":{"line":416,"column":4},"end":{"line":418,"column":5}},{"start":{},"end":{}}],"line":416},"31":{"loc":{"start":{"line":422,"column":4},"end":{"line":424,"column":5}},"type":"if","locations":[{"start":{"line":422,"column":4},"end":{"line":424,"column":5}},{"start":{},"end":{}}],"line":422},"32":{"loc":{"start":{"line":422,"column":8},"end":{"line":422,"column":81}},"type":"binary-expr","locations":[{"start":{"line":422,"column":8},"end":{"line":422,"column":37}},{"start":{"line":422,"column":41},"end":{"line":422,"column":81}}],"line":422},"33":{"loc":{"start":{"line":426,"column":4},"end":{"line":428,"column":5}},"type":"if","locations":[{"start":{"line":426,"column":4},"end":{"line":428,"column":5}},{"start":{},"end":{}}],"line":426},"34":{"loc":{"start":{"line":470,"column":4},"end":{"line":485,"column":5}},"type":"if","locations":[{"start":{"line":470,"column":4},"end":{"line":485,"column":5}},{"start":{},"end":{}}],"line":470},"35":{"loc":{"start":{"line":472,"column":8},"end":{"line":475,"column":9}},"type":"if","locations":[{"start":{"line":472,"column":8},"end":{"line":475,"column":9}},{"start":{},"end":{}}],"line":472},"36":{"loc":{"start":{"line":472,"column":12},"end":{"line":472,"column":40}},"type":"binary-expr","locations":[{"start":{"line":472,"column":12},"end":{"line":472,"column":24}},{"start":{"line":472,"column":28},"end":{"line":472,"column":40}}],"line":472},"37":{"loc":{"start":{"line":488,"column":4},"end":{"line":504,"column":5}},"type":"if","locations":[{"start":{"line":488,"column":4},"end":{"line":504,"column":5}},{"start":{},"end":{}}],"line":488},"38":{"loc":{"start":{"line":491,"column":8},"end":{"line":494,"column":9}},"type":"if","locations":[{"start":{"line":491,"column":8},"end":{"line":494,"column":9}},{"start":{},"end":{}}],"line":491},"39":{"loc":{"start":{"line":491,"column":12},"end":{"line":491,"column":40}},"type":"binary-expr","locations":[{"start":{"line":491,"column":12},"end":{"line":491,"column":24}},{"start":{"line":491,"column":28},"end":{"line":491,"column":40}}],"line":491},"40":{"loc":{"start":{"line":520,"column":18},"end":{"line":520,"column":32}},"type":"default-arg","locations":[{"start":{"line":520,"column":30},"end":{"line":520,"column":32}}],"line":520},"41":{"loc":{"start":{"line":532,"column":6},"end":{"line":550,"column":7}},"type":"if","locations":[{"start":{"line":532,"column":6},"end":{"line":550,"column":7}},{"start":{},"end":{}}],"line":532},"42":{"loc":{"start":{"line":540,"column":22},"end":{"line":540,"column":58}},"type":"binary-expr","locations":[{"start":{"line":540,"column":22},"end":{"line":540,"column":50}},{"start":{"line":540,"column":54},"end":{"line":540,"column":58}}],"line":540},"43":{"loc":{"start":{"line":543,"column":10},"end":{"line":545,"column":11}},"type":"if","locations":[{"start":{"line":543,"column":10},"end":{"line":545,"column":11}},{"start":{},"end":{}}],"line":543},"44":{"loc":{"start":{"line":553,"column":6},"end":{"line":556,"column":7}},"type":"if","locations":[{"start":{"line":553,"column":6},"end":{"line":556,"column":7}},{"start":{},"end":{}}],"line":553},"45":{"loc":{"start":{"line":553,"column":10},"end":{"line":553,"column":75}},"type":"binary-expr","locations":[{"start":{"line":553,"column":10},"end":{"line":553,"column":43}},{"start":{"line":553,"column":47},"end":{"line":553,"column":75}}],"line":553},"46":{"loc":{"start":{"line":559,"column":6},"end":{"line":562,"column":7}},"type":"if","locations":[{"start":{"line":559,"column":6},"end":{"line":562,"column":7}},{"start":{},"end":{}}],"line":559},"47":{"loc":{"start":{"line":559,"column":10},"end":{"line":559,"column":76}},"type":"binary-expr","locations":[{"start":{"line":559,"column":10},"end":{"line":559,"column":37}},{"start":{"line":559,"column":41},"end":{"line":559,"column":76}}],"line":559},"48":{"loc":{"start":{"line":565,"column":6},"end":{"line":568,"column":7}},"type":"if","locations":[{"start":{"line":565,"column":6},"end":{"line":568,"column":7}},{"start":{},"end":{}}],"line":565},"49":{"loc":{"start":{"line":565,"column":10},"end":{"line":565,"column":71}},"type":"binary-expr","locations":[{"start":{"line":565,"column":10},"end":{"line":565,"column":41}},{"start":{"line":565,"column":45},"end":{"line":565,"column":71}}],"line":565},"50":{"loc":{"start":{"line":593,"column":6},"end":{"line":597,"column":7}},"type":"if","locations":[{"start":{"line":593,"column":6},"end":{"line":597,"column":7}},{"start":{},"end":{}}],"line":593}},"s":{"0":0,"1":0,"2":0,"3":0,"4":0,"5":0,"6":0,"7":0,"8":0,"9":0,"10":0,"11":0,"12":0,"13":0,"14":0,"15":0,"16":0,"17":0,"18":0,"19":0,"20":0,"21":0,"22":0,"23":0,"24":0,"25":0,"26":0,"27":0,"28":0,"29":0,"30":0,"31":0,"32":0,"33":0,"34":0,"35":0,"36":0,"37":0,"38":0,"39":0,"40":0,"41":0,"42":0,"43":0,"44":0,"45":0,"46":0,"47":0,"48":0,"49":0,"50":0,"51":0,"52":0,"53":0,"54":0,"55":0,"56":0,"57":0,"58":0,"59":0,"60":0,"61":0,"62":0,"63":0,"64":0,"65":0,"66":0,"67":0,"68":0,"69":0,"70":0,"71":0,"72":0,"73":0,"74":0,"75":0,"76":0,"77":0,"78":0,"79":0,"80":0,"81":0,"82":0,"83":0,"84":0,"85":0,"86":0,"87":0,"88":0,"89":0,"90":0,"91":0,"92":0,"93":0,"94":0,"95":0,"96":0,"97":0,"98":0,"99":0,"100":0,"101":0,"102":0,"103":0,"104":0,"105":0,"106":0,"107":0,"108":0,"109":0,"110":0,"111":0,"112":0,"113":0,"114":0,"115":0,"116":0,"117":0,"118":0,"119":0,"120":0,"121":0,"122":0,"123":0,"124":0,"125":0,"126":0,"127":0,"128":0,"129":0,"130":0,"131":0,"132":0,"133":0,"134":0,"135":0,"136":0,"137":0,"138":0,"139":0,"140":0,"141":0,"142":0,"143":0,"144":0,"145":0,"146":0,"147":0,"148":0,"149":0,"150":0,"151":0,"152":0,"153":0,"154":0,"155":0,"156":0,"157":0,"158":0,"159":0,"160":0,"161":0,"162":0,"163":0,"164":0,"165":0,"166":0,"167":0,"168":0,"169":0,"170":0,"171":0,"172":0,"173":0,"174":0,"175":0,"176":0,"177":0,"178":0,"179":0,"180":0,"181":0,"182":0,"183":0,"184":0,"185":0,"186":0,"187":0,"188":0,"189":0,"190":0,"191":0,"192":0,"193":0,"194":0,"195":0,"196":0,"197":0,"198":0,"199":0,"200":0,"201":0,"202":0,"203":0,"204":0,"205":0,"206":0,"207":0,"208":0,"209":0,"210":0,"211":0,"212":0,"213":0,"214":0,"215":0,"216":0,"217":0,"218":0},"f":{"0":0,"1":0,"2":0,"3":0,"4":0,"5":0,"6":0,"7":0,"8":0,"9":0,"10":0,"11":0,"12":0,"13":0,"14":0,"15":0,"16":0,"17":0,"18":0,"19":0,"20":0,"21":0,"22":0,"23":0,"24":0,"25":0,"26":0},"b":{"0":[0],"1":[0],"2":[0,0],"3":[0,0],"4":[0,0],"5":[0,0],"6":[0,0],"7":[0],"8":[0],"9":[0,0],"10":[0,0],"11":[0,0],"12":[0,0],"13":[0],"14":[0],"15":[0],"16":[0],"17":[0,0],"18":[0,0],"19":[0],"20":[0],"21":[0,0],"22":[0,0],"23":[0],"24":[0,0],"25":[0,0],"26":[0],"27":[0],"28":[0,0],"29":[0,0],"30":[0,0],"31":[0,0],"32":[0,0],"33":[0,0],"34":[0,0],"35":[0,0],"36":[0,0],"37":[0,0],"38":[0,0],"39":[0,0],"40":[0],"41":[0,0],"42":[0,0],"43":[0,0],"44":[0,0],"45":[0,0],"46":[0,0],"47":[0,0],"48":[0,0],"49":[0,0],"50":[0,0]},"inputSourceMap":null}}}
